;  LST file generated by mikroListExporter - v.2.0 
; Date/Time: 2/2/2022 5:49:50 PM
;----------------------------------------------

;Address Opcode 	ASM
0x0000	0x2C16      	GOTO       1046
_Delay_1us:
;__Lib_Delays.c,7 :: 		void Delay_1us() {
;__Lib_Delays.c,8 :: 		Delay_us(1);
0x0003	0x0000      	NOP
0x0004	0x0000      	NOP
0x0005	0x0000      	NOP
;__Lib_Delays.c,9 :: 		}
L_end_Delay_1us:
0x0006	0x0008      	RETURN
; end of _Delay_1us
_Delay_5500us:
;__Lib_Delays.c,31 :: 		void Delay_5500us() {
;__Lib_Delays.c,32 :: 		Delay_us(5500);
0x0007	0x3016      	MOVLW      22
0x0008	0x1283      	BCF        STATUS, 5
0x0009	0x1303      	BCF        STATUS, 6
0x000A	0x00FC      	MOVWF      R12
0x000B	0x306C      	MOVLW      108
0x000C	0x00FD      	MOVWF      R13
L_Delay_5500us5:
0x000D	0x0BFD      	DECFSZ     R13, 1
0x000E	0x280D      	GOTO       L_Delay_5500us5
0x000F	0x0BFC      	DECFSZ     R12, 1
0x0010	0x280D      	GOTO       L_Delay_5500us5
0x0011	0x0000      	NOP
;__Lib_Delays.c,33 :: 		}
L_end_Delay_5500us:
0x0012	0x0008      	RETURN
; end of _Delay_5500us
_Delay_50us:
;__Lib_Delays.c,19 :: 		void Delay_50us() {
;__Lib_Delays.c,20 :: 		Delay_us(50);
0x0013	0x3031      	MOVLW      49
0x0014	0x1283      	BCF        STATUS, 5
0x0015	0x1303      	BCF        STATUS, 6
0x0016	0x00FD      	MOVWF      R13
L_Delay_50us2:
0x0017	0x0BFD      	DECFSZ     R13, 1
0x0018	0x2817      	GOTO       L_Delay_50us2
0x0019	0x0000      	NOP
0x001A	0x0000      	NOP
;__Lib_Delays.c,21 :: 		}
L_end_Delay_50us:
0x001B	0x0008      	RETURN
; end of _Delay_50us
_Lcd_Cmd:
;__Lib_Lcd.c,18 :: 		
;__Lib_Lcd.c,20 :: 		
0x001C	0x1283      	BCF        STATUS, 5
0x001D	0x1703      	BSF        STATUS, 6
0x001E	0x1BAD      	BTFSC      FARG_Lcd_Cmd_out_char, 7
0x001F	0x2823      	GOTO       L__Lcd_Cmd21
0x0020	0x1303      	BCF        STATUS, 6
0x0021	0x1187      	BCF        LCD_D7, BitPos(LCD_D7+0)
0x0022	0x2825      	GOTO       L__Lcd_Cmd22
L__Lcd_Cmd21:
0x0023	0x1303      	BCF        STATUS, 6
0x0024	0x1587      	BSF        LCD_D7, BitPos(LCD_D7+0)
L__Lcd_Cmd22:
;__Lib_Lcd.c,21 :: 		
0x0025	0x1703      	BSF        STATUS, 6
0x0026	0x1B2D      	BTFSC      FARG_Lcd_Cmd_out_char, 6
0x0027	0x282B      	GOTO       L__Lcd_Cmd23
0x0028	0x1303      	BCF        STATUS, 6
0x0029	0x1107      	BCF        LCD_D6, BitPos(LCD_D6+0)
0x002A	0x282D      	GOTO       L__Lcd_Cmd24
L__Lcd_Cmd23:
0x002B	0x1303      	BCF        STATUS, 6
0x002C	0x1507      	BSF        LCD_D6, BitPos(LCD_D6+0)
L__Lcd_Cmd24:
;__Lib_Lcd.c,22 :: 		
0x002D	0x1703      	BSF        STATUS, 6
0x002E	0x1AAD      	BTFSC      FARG_Lcd_Cmd_out_char, 5
0x002F	0x2833      	GOTO       L__Lcd_Cmd25
0x0030	0x1303      	BCF        STATUS, 6
0x0031	0x1087      	BCF        LCD_D5, BitPos(LCD_D5+0)
0x0032	0x2835      	GOTO       L__Lcd_Cmd26
L__Lcd_Cmd25:
0x0033	0x1303      	BCF        STATUS, 6
0x0034	0x1487      	BSF        LCD_D5, BitPos(LCD_D5+0)
L__Lcd_Cmd26:
;__Lib_Lcd.c,23 :: 		
0x0035	0x1703      	BSF        STATUS, 6
0x0036	0x1A2D      	BTFSC      FARG_Lcd_Cmd_out_char, 4
0x0037	0x283B      	GOTO       L__Lcd_Cmd27
0x0038	0x1303      	BCF        STATUS, 6
0x0039	0x1007      	BCF        LCD_D4, BitPos(LCD_D4+0)
0x003A	0x283D      	GOTO       L__Lcd_Cmd28
L__Lcd_Cmd27:
0x003B	0x1303      	BCF        STATUS, 6
0x003C	0x1407      	BSF        LCD_D4, BitPos(LCD_D4+0)
L__Lcd_Cmd28:
;__Lib_Lcd.c,25 :: 		
0x003D	0x1703      	BSF        STATUS, 6
0x003E	0x1812      	BTFSC      __Lib_Lcd_cmd_status, BitPos(__Lib_Lcd_cmd_status+0)
0x003F	0x2843      	GOTO       L__Lcd_Cmd29
0x0040	0x1303      	BCF        STATUS, 6
0x0041	0x1607      	BSF        LCD_RS, BitPos(LCD_RS+0)
0x0042	0x2845      	GOTO       L__Lcd_Cmd30
L__Lcd_Cmd29:
0x0043	0x1303      	BCF        STATUS, 6
0x0044	0x1207      	BCF        LCD_RS, BitPos(LCD_RS+0)
L__Lcd_Cmd30:
;__Lib_Lcd.c,28 :: 		
0x0045	0x1687      	BSF        LCD_EN, BitPos(LCD_EN+0)
;__Lib_Lcd.c,29 :: 		
0x0046	0x2003      	CALL       _Delay_1us
;__Lib_Lcd.c,30 :: 		
0x0047	0x1287      	BCF        LCD_EN, BitPos(LCD_EN+0)
;__Lib_Lcd.c,33 :: 		
0x0048	0x1703      	BSF        STATUS, 6
0x0049	0x19AD      	BTFSC      FARG_Lcd_Cmd_out_char, 3
0x004A	0x284E      	GOTO       L__Lcd_Cmd31
0x004B	0x1303      	BCF        STATUS, 6
0x004C	0x1187      	BCF        LCD_D7, BitPos(LCD_D7+0)
0x004D	0x2850      	GOTO       L__Lcd_Cmd32
L__Lcd_Cmd31:
0x004E	0x1303      	BCF        STATUS, 6
0x004F	0x1587      	BSF        LCD_D7, BitPos(LCD_D7+0)
L__Lcd_Cmd32:
;__Lib_Lcd.c,34 :: 		
0x0050	0x1703      	BSF        STATUS, 6
0x0051	0x192D      	BTFSC      FARG_Lcd_Cmd_out_char, 2
0x0052	0x2856      	GOTO       L__Lcd_Cmd33
0x0053	0x1303      	BCF        STATUS, 6
0x0054	0x1107      	BCF        LCD_D6, BitPos(LCD_D6+0)
0x0055	0x2858      	GOTO       L__Lcd_Cmd34
L__Lcd_Cmd33:
0x0056	0x1303      	BCF        STATUS, 6
0x0057	0x1507      	BSF        LCD_D6, BitPos(LCD_D6+0)
L__Lcd_Cmd34:
;__Lib_Lcd.c,35 :: 		
0x0058	0x1703      	BSF        STATUS, 6
0x0059	0x18AD      	BTFSC      FARG_Lcd_Cmd_out_char, 1
0x005A	0x285E      	GOTO       L__Lcd_Cmd35
0x005B	0x1303      	BCF        STATUS, 6
0x005C	0x1087      	BCF        LCD_D5, BitPos(LCD_D5+0)
0x005D	0x2860      	GOTO       L__Lcd_Cmd36
L__Lcd_Cmd35:
0x005E	0x1303      	BCF        STATUS, 6
0x005F	0x1487      	BSF        LCD_D5, BitPos(LCD_D5+0)
L__Lcd_Cmd36:
;__Lib_Lcd.c,36 :: 		
0x0060	0x1703      	BSF        STATUS, 6
0x0061	0x182D      	BTFSC      FARG_Lcd_Cmd_out_char, 0
0x0062	0x2866      	GOTO       L__Lcd_Cmd37
0x0063	0x1303      	BCF        STATUS, 6
0x0064	0x1007      	BCF        LCD_D4, BitPos(LCD_D4+0)
0x0065	0x2868      	GOTO       L__Lcd_Cmd38
L__Lcd_Cmd37:
0x0066	0x1303      	BCF        STATUS, 6
0x0067	0x1407      	BSF        LCD_D4, BitPos(LCD_D4+0)
L__Lcd_Cmd38:
;__Lib_Lcd.c,38 :: 		
0x0068	0x1703      	BSF        STATUS, 6
0x0069	0x1812      	BTFSC      __Lib_Lcd_cmd_status, BitPos(__Lib_Lcd_cmd_status+0)
0x006A	0x286E      	GOTO       L__Lcd_Cmd39
0x006B	0x1303      	BCF        STATUS, 6
0x006C	0x1607      	BSF        LCD_RS, BitPos(LCD_RS+0)
0x006D	0x2870      	GOTO       L__Lcd_Cmd40
L__Lcd_Cmd39:
0x006E	0x1303      	BCF        STATUS, 6
0x006F	0x1207      	BCF        LCD_RS, BitPos(LCD_RS+0)
L__Lcd_Cmd40:
;__Lib_Lcd.c,40 :: 		
0x0070	0x1687      	BSF        LCD_EN, BitPos(LCD_EN+0)
;__Lib_Lcd.c,41 :: 		
0x0071	0x2003      	CALL       _Delay_1us
;__Lib_Lcd.c,42 :: 		
0x0072	0x1287      	BCF        LCD_EN, BitPos(LCD_EN+0)
;__Lib_Lcd.c,44 :: 		
0x0073	0x1703      	BSF        STATUS, 6
0x0074	0x1C12      	BTFSS      __Lib_Lcd_cmd_status, BitPos(__Lib_Lcd_cmd_status+0)
0x0075	0x2878      	GOTO       L_Lcd_Cmd0
;__Lib_Lcd.c,45 :: 		
0x0076	0x2007      	CALL       _Delay_5500us
0x0077	0x2879      	GOTO       L_Lcd_Cmd1
L_Lcd_Cmd0:
;__Lib_Lcd.c,47 :: 		
0x0078	0x2013      	CALL       _Delay_50us
L_Lcd_Cmd1:
;__Lib_Lcd.c,48 :: 		
L_end_Lcd_Cmd:
0x0079	0x0008      	RETURN
; end of _Lcd_Cmd
_Lcd_Chr_CP:
;__Lib_Lcd.c,50 :: 		
;__Lib_Lcd.c,52 :: 		
0x007A	0x1283      	BCF        STATUS, 5
0x007B	0x1703      	BSF        STATUS, 6
0x007C	0x1012      	BCF        __Lib_Lcd_cmd_status, BitPos(__Lib_Lcd_cmd_status+0)
;__Lib_Lcd.c,53 :: 		
0x007D	0x082C      	MOVF       FARG_Lcd_Chr_CP_out_char, 0
0x007E	0x00AD      	MOVWF      FARG_Lcd_Cmd_out_char
0x007F	0x201C      	CALL       _Lcd_Cmd
;__Lib_Lcd.c,54 :: 		
0x0080	0x1703      	BSF        STATUS, 6
0x0081	0x1412      	BSF        __Lib_Lcd_cmd_status, BitPos(__Lib_Lcd_cmd_status+0)
;__Lib_Lcd.c,55 :: 		
L_end_Lcd_Chr_CP:
0x0082	0x0008      	RETURN
; end of _Lcd_Chr_CP
_Lcd_Out:
;__Lib_Lcd.c,184 :: 		
;__Lib_Lcd.c,187 :: 		
0x0083	0x2895      	GOTO       L_Lcd_Out11
;__Lib_Lcd.c,188 :: 		
L_Lcd_Out13:
0x0084	0x3080      	MOVLW      128
0x0085	0x1283      	BCF        STATUS, 5
0x0086	0x1703      	BSF        STATUS, 6
0x0087	0x00A7      	MOVWF      FARG_Lcd_Out_row
0x0088	0x28A8      	GOTO       L_Lcd_Out12
;__Lib_Lcd.c,189 :: 		
L_Lcd_Out14:
0x0089	0x30C0      	MOVLW      192
0x008A	0x00A7      	MOVWF      FARG_Lcd_Out_row
0x008B	0x28A8      	GOTO       L_Lcd_Out12
;__Lib_Lcd.c,190 :: 		
L_Lcd_Out15:
0x008C	0x3094      	MOVLW      148
0x008D	0x00A7      	MOVWF      FARG_Lcd_Out_row
0x008E	0x28A8      	GOTO       L_Lcd_Out12
;__Lib_Lcd.c,191 :: 		
L_Lcd_Out16:
0x008F	0x30D4      	MOVLW      212
0x0090	0x00A7      	MOVWF      FARG_Lcd_Out_row
0x0091	0x28A8      	GOTO       L_Lcd_Out12
;__Lib_Lcd.c,192 :: 		
L_Lcd_Out17:
0x0092	0x3080      	MOVLW      128
0x0093	0x00A7      	MOVWF      FARG_Lcd_Out_row
;__Lib_Lcd.c,193 :: 		
0x0094	0x28A8      	GOTO       L_Lcd_Out12
L_Lcd_Out11:
0x0095	0x1283      	BCF        STATUS, 5
0x0096	0x1703      	BSF        STATUS, 6
0x0097	0x0827      	MOVF       FARG_Lcd_Out_row, 0
0x0098	0x3A01      	XORLW      1
0x0099	0x1903      	BTFSC      STATUS, 2
0x009A	0x2884      	GOTO       L_Lcd_Out13
0x009B	0x0827      	MOVF       FARG_Lcd_Out_row, 0
0x009C	0x3A02      	XORLW      2
0x009D	0x1903      	BTFSC      STATUS, 2
0x009E	0x2889      	GOTO       L_Lcd_Out14
0x009F	0x0827      	MOVF       FARG_Lcd_Out_row, 0
0x00A0	0x3A03      	XORLW      3
0x00A1	0x1903      	BTFSC      STATUS, 2
0x00A2	0x288C      	GOTO       L_Lcd_Out15
0x00A3	0x0827      	MOVF       FARG_Lcd_Out_row, 0
0x00A4	0x3A04      	XORLW      4
0x00A5	0x1903      	BTFSC      STATUS, 2
0x00A6	0x288F      	GOTO       L_Lcd_Out16
0x00A7	0x2892      	GOTO       L_Lcd_Out17
L_Lcd_Out12:
;__Lib_Lcd.c,194 :: 		
0x00A8	0x0328      	DECF       FARG_Lcd_Out_column, 0
0x00A9	0x00F0      	MOVWF      R0
0x00AA	0x0827      	MOVF       FARG_Lcd_Out_row, 0
0x00AB	0x07F0      	ADDWF      R0, 1
0x00AC	0x0870      	MOVF       R0, 0
0x00AD	0x00A7      	MOVWF      FARG_Lcd_Out_row
;__Lib_Lcd.c,196 :: 		
0x00AE	0x0870      	MOVF       R0, 0
0x00AF	0x00AD      	MOVWF      FARG_Lcd_Cmd_out_char
0x00B0	0x201C      	CALL       _Lcd_Cmd
;__Lib_Lcd.c,197 :: 		
0x00B1	0x1703      	BSF        STATUS, 6
0x00B2	0x1012      	BCF        __Lib_Lcd_cmd_status, BitPos(__Lib_Lcd_cmd_status+0)
;__Lib_Lcd.c,198 :: 		
0x00B3	0x01AA      	CLRF       Lcd_Out_i_L0
;__Lib_Lcd.c,199 :: 		
L_Lcd_Out18:
0x00B4	0x082A      	MOVF       Lcd_Out_i_L0, 0
0x00B5	0x0729      	ADDWF      FARG_Lcd_Out_text, 0
0x00B6	0x0084      	MOVWF      FSR
0x00B7	0x0800      	MOVF       INDF, 0
0x00B8	0x1903      	BTFSC      STATUS, 2
0x00B9	0x28C2      	GOTO       L_Lcd_Out19
;__Lib_Lcd.c,200 :: 		
0x00BA	0x082A      	MOVF       Lcd_Out_i_L0, 0
0x00BB	0x0729      	ADDWF      FARG_Lcd_Out_text, 0
0x00BC	0x0084      	MOVWF      FSR
0x00BD	0x0800      	MOVF       INDF, 0
0x00BE	0x00AC      	MOVWF      FARG_Lcd_Chr_CP_out_char
0x00BF	0x207A      	CALL       _Lcd_Chr_CP
0x00C0	0x0AAA      	INCF       Lcd_Out_i_L0, 1
0x00C1	0x28B4      	GOTO       L_Lcd_Out18
L_Lcd_Out19:
;__Lib_Lcd.c,201 :: 		
0x00C2	0x1412      	BSF        __Lib_Lcd_cmd_status, BitPos(__Lib_Lcd_cmd_status+0)
;__Lib_Lcd.c,202 :: 		
L_end_Lcd_Out:
0x00C3	0x0008      	RETURN
; end of _Lcd_Out
_Delay_10us:
;__Lib_Delays.c,11 :: 		void Delay_10us() {
;__Lib_Delays.c,12 :: 		Delay_us(10);
0x00C4	0x3009      	MOVLW      9
0x00C5	0x1283      	BCF        STATUS, 5
0x00C6	0x1303      	BCF        STATUS, 6
0x00C7	0x00FD      	MOVWF      R13
L_Delay_10us0:
0x00C8	0x0BFD      	DECFSZ     R13, 1
0x00C9	0x28C8      	GOTO       L_Delay_10us0
0x00CA	0x0000      	NOP
0x00CB	0x0000      	NOP
;__Lib_Delays.c,13 :: 		}
L_end_Delay_10us:
0x00CC	0x0008      	RETURN
; end of _Delay_10us
_Keypad_Key_Press:
;__Lib_Keypad4x4.c,39 :: 		
;__Lib_Keypad4x4.c,43 :: 		
0x00CD	0x1283      	BCF        STATUS, 5
0x00CE	0x1703      	BSF        STATUS, 6
0x00CF	0x01A7      	CLRF       Keypad_Key_Press_rslt_L0
;__Lib_Keypad4x4.c,44 :: 		
0x00D0	0x01A9      	CLRF       Keypad_Key_Press_loc_L0
;__Lib_Keypad4x4.c,45 :: 		
0x00D1	0x01AA      	CLRF       Keypad_Key_Press_rowcnt_L0
;__Lib_Keypad4x4.c,46 :: 		
0x00D2	0x3010      	MOVLW      16
0x00D3	0x00AB      	MOVWF      Keypad_Key_Press_shifter_L0
;__Lib_Keypad4x4.c,48 :: 		
L_Keypad_Key_Press0:
0x00D4	0x3004      	MOVLW      4
0x00D5	0x022A      	SUBWF      Keypad_Key_Press_rowcnt_L0, 0
0x00D6	0x1803      	BTFSC      STATUS, 0
0x00D7	0x2902      	GOTO       L_Keypad_Key_Press1
;__Lib_Keypad4x4.c,50 :: 		
0x00D8	0x30F0      	MOVLW      240
0x00D9	0x1303      	BCF        STATUS, 6
0x00DA	0x0088      	MOVWF      keypadPort
;__Lib_Keypad4x4.c,51 :: 		
0x00DB	0x3080      	MOVLW      128
0x00DC	0x00F0      	MOVWF      R0
0x00DD	0x0870      	MOVF       R0, 0
0x00DE	0x3E08      	ADDLW      keypadPort
0x00DF	0x0084      	MOVWF      FSR
0x00E0	0x1703      	BSF        STATUS, 6
0x00E1	0x092B      	COMF       Keypad_Key_Press_shifter_L0, 0
0x00E2	0x00F0      	MOVWF      R0
0x00E3	0x0870      	MOVF       R0, 0
0x00E4	0x0080      	MOVWF      INDF
;__Lib_Keypad4x4.c,55 :: 		
0x00E5	0x2003      	CALL       _Delay_1us
;__Lib_Keypad4x4.c,56 :: 		
0x00E6	0x2003      	CALL       _Delay_1us
;__Lib_Keypad4x4.c,57 :: 		
0x00E7	0x300F      	MOVLW      15
0x00E8	0x1303      	BCF        STATUS, 6
0x00E9	0x0508      	ANDWF      keypadPort, 0
0x00EA	0x00F0      	MOVWF      R0
0x00EB	0x0870      	MOVF       R0, 0
0x00EC	0x1703      	BSF        STATUS, 6
0x00ED	0x00A8      	MOVWF      Keypad_Key_Press_kdata_L0
;__Lib_Keypad4x4.c,58 :: 		
0x00EE	0x0870      	MOVF       R0, 0
0x00EF	0x1903      	BTFSC      STATUS, 2
0x00F0	0x28FC      	GOTO       L_Keypad_Key_Press2
;__Lib_Keypad4x4.c,60 :: 		
0x00F1	0x0829      	MOVF       Keypad_Key_Press_loc_L0, 0
0x00F2	0x00A7      	MOVWF      Keypad_Key_Press_rslt_L0
;__Lib_Keypad4x4.c,61 :: 		
L_Keypad_Key_Press3:
0x00F3	0x0828      	MOVF       Keypad_Key_Press_kdata_L0, 0
0x00F4	0x1903      	BTFSC      STATUS, 2
0x00F5	0x28FA      	GOTO       L_Keypad_Key_Press4
;__Lib_Keypad4x4.c,62 :: 		
0x00F6	0x0CA8      	RRF        Keypad_Key_Press_kdata_L0, 1
0x00F7	0x13A8      	BCF        Keypad_Key_Press_kdata_L0, 7
;__Lib_Keypad4x4.c,63 :: 		
0x00F8	0x0AA7      	INCF       Keypad_Key_Press_rslt_L0, 1
;__Lib_Keypad4x4.c,64 :: 		
0x00F9	0x28F3      	GOTO       L_Keypad_Key_Press3
L_Keypad_Key_Press4:
;__Lib_Keypad4x4.c,66 :: 		
0x00FA	0x3004      	MOVLW      4
0x00FB	0x00AA      	MOVWF      Keypad_Key_Press_rowcnt_L0
;__Lib_Keypad4x4.c,67 :: 		
L_Keypad_Key_Press2:
;__Lib_Keypad4x4.c,68 :: 		
0x00FC	0x0DAB      	RLF        Keypad_Key_Press_shifter_L0, 1
0x00FD	0x102B      	BCF        Keypad_Key_Press_shifter_L0, 0
;__Lib_Keypad4x4.c,69 :: 		
0x00FE	0x3004      	MOVLW      4
0x00FF	0x07A9      	ADDWF      Keypad_Key_Press_loc_L0, 1
;__Lib_Keypad4x4.c,70 :: 		
0x0100	0x0AAA      	INCF       Keypad_Key_Press_rowcnt_L0, 1
;__Lib_Keypad4x4.c,71 :: 		
0x0101	0x28D4      	GOTO       L_Keypad_Key_Press0
L_Keypad_Key_Press1:
;__Lib_Keypad4x4.c,73 :: 		
0x0102	0x0827      	MOVF       Keypad_Key_Press_rslt_L0, 0
0x0103	0x00F0      	MOVWF      R0
;__Lib_Keypad4x4.c,74 :: 		
L_end_Keypad_Key_Press:
0x0104	0x0008      	RETURN
; end of _Keypad_Key_Press
_UART1_Read:
;__Lib_UART_c67.c,21 :: 		
;__Lib_UART_c67.c,24 :: 		
0x0105	0x1283      	BCF        STATUS, 5
0x0106	0x1303      	BCF        STATUS, 6
0x0107	0x081A      	MOVF       RCREG, 0
0x0108	0x00F1      	MOVWF      R1
;__Lib_UART_c67.c,25 :: 		
0x0109	0x1C98      	BTFSS      RCSTA, 1
0x010A	0x290D      	GOTO       L_UART1_Read2
;__Lib_UART_c67.c,26 :: 		
0x010B	0x1218      	BCF        RCSTA, 4
;__Lib_UART_c67.c,27 :: 		
0x010C	0x1618      	BSF        RCSTA, 4
;__Lib_UART_c67.c,28 :: 		
L_UART1_Read2:
;__Lib_UART_c67.c,29 :: 		
0x010D	0x0871      	MOVF       R1, 0
0x010E	0x00F0      	MOVWF      R0
;__Lib_UART_c67.c,30 :: 		
L_end_UART1_Read:
0x010F	0x0008      	RETURN
; end of _UART1_Read
_UART1_Data_Ready:
;__Lib_UART_c67.c,16 :: 		
;__Lib_UART_c67.c,17 :: 		
0x0110	0x3000      	MOVLW      0
0x0111	0x1283      	BCF        STATUS, 5
0x0112	0x1303      	BCF        STATUS, 6
0x0113	0x1A8C      	BTFSC      PIR1, 5
0x0114	0x3001      	MOVLW      1
0x0115	0x00F0      	MOVWF      R0
;__Lib_UART_c67.c,18 :: 		
L_end_UART1_Data_Ready:
0x0116	0x0008      	RETURN
; end of _UART1_Data_Ready
_____DoICP:
;__Lib_System.c,6 :: 		
;__Lib_System.c,9 :: 		
0x0117	0x1283      	BCF        STATUS, 5
0x0118	0x1703      	BSF        STATUS, 6
0x0119	0x0811      	MOVF       ___DoICPAddr+1, 0
0x011A	0x008A      	MOVWF      PCLATH
;__Lib_System.c,10 :: 		
0x011B	0x0810      	MOVF       ___DoICPAddr, 0
0x011C	0x0082      	MOVWF      PCL
;__Lib_System.c,12 :: 		
L_end_____DoICP:
0x011D	0x0008      	RETURN
; end of _____DoICP
_Lcd_Init:
;__Lib_Lcd.c,84 :: 		
;__Lib_Lcd.c,86 :: 		
0x011E	0x1683      	BSF        STATUS, 5
0x011F	0x1303      	BCF        STATUS, 6
0x0120	0x1287      	BCF        LCD_EN_Direction, BitPos(LCD_EN_Direction+0)
;__Lib_Lcd.c,87 :: 		
0x0121	0x1207      	BCF        LCD_RS_Direction, BitPos(LCD_RS_Direction+0)
;__Lib_Lcd.c,88 :: 		
0x0122	0x1007      	BCF        LCD_D4_Direction, BitPos(LCD_D4_Direction+0)
;__Lib_Lcd.c,89 :: 		
0x0123	0x1087      	BCF        LCD_D5_Direction, BitPos(LCD_D5_Direction+0)
;__Lib_Lcd.c,90 :: 		
0x0124	0x1107      	BCF        LCD_D6_Direction, BitPos(LCD_D6_Direction+0)
;__Lib_Lcd.c,91 :: 		
0x0125	0x1187      	BCF        LCD_D7_Direction, BitPos(LCD_D7_Direction+0)
;__Lib_Lcd.c,93 :: 		
0x0126	0x1283      	BCF        STATUS, 5
0x0127	0x1287      	BCF        LCD_EN, BitPos(LCD_EN+0)
;__Lib_Lcd.c,94 :: 		
0x0128	0x1207      	BCF        LCD_RS, BitPos(LCD_RS+0)
;__Lib_Lcd.c,95 :: 		
0x0129	0x1187      	BCF        LCD_D7, BitPos(LCD_D7+0)
;__Lib_Lcd.c,96 :: 		
0x012A	0x1107      	BCF        LCD_D6, BitPos(LCD_D6+0)
;__Lib_Lcd.c,97 :: 		
0x012B	0x1087      	BCF        LCD_D5, BitPos(LCD_D5+0)
;__Lib_Lcd.c,98 :: 		
0x012C	0x1007      	BCF        LCD_D4, BitPos(LCD_D4+0)
;__Lib_Lcd.c,100 :: 		
0x012D	0x2007      	CALL       _Delay_5500us
;__Lib_Lcd.c,101 :: 		
0x012E	0x2007      	CALL       _Delay_5500us
;__Lib_Lcd.c,102 :: 		
0x012F	0x2007      	CALL       _Delay_5500us
;__Lib_Lcd.c,105 :: 		
0x0130	0x1487      	BSF        LCD_D5, BitPos(LCD_D5+0)
;__Lib_Lcd.c,106 :: 		
0x0131	0x1407      	BSF        LCD_D4, BitPos(LCD_D4+0)
;__Lib_Lcd.c,107 :: 		
0x0132	0x1687      	BSF        LCD_EN, BitPos(LCD_EN+0)
;__Lib_Lcd.c,108 :: 		
0x0133	0x2003      	CALL       _Delay_1us
;__Lib_Lcd.c,109 :: 		
0x0134	0x1287      	BCF        LCD_EN, BitPos(LCD_EN+0)
;__Lib_Lcd.c,110 :: 		
0x0135	0x2007      	CALL       _Delay_5500us
;__Lib_Lcd.c,112 :: 		
0x0136	0x1687      	BSF        LCD_EN, BitPos(LCD_EN+0)
;__Lib_Lcd.c,113 :: 		
0x0137	0x2003      	CALL       _Delay_1us
;__Lib_Lcd.c,114 :: 		
0x0138	0x1287      	BCF        LCD_EN, BitPos(LCD_EN+0)
;__Lib_Lcd.c,115 :: 		
0x0139	0x2007      	CALL       _Delay_5500us
;__Lib_Lcd.c,117 :: 		
0x013A	0x1687      	BSF        LCD_EN, BitPos(LCD_EN+0)
;__Lib_Lcd.c,118 :: 		
0x013B	0x2003      	CALL       _Delay_1us
;__Lib_Lcd.c,119 :: 		
0x013C	0x1287      	BCF        LCD_EN, BitPos(LCD_EN+0)
;__Lib_Lcd.c,120 :: 		
0x013D	0x2007      	CALL       _Delay_5500us
;__Lib_Lcd.c,123 :: 		
0x013E	0x1007      	BCF        LCD_D4, BitPos(LCD_D4+0)
;__Lib_Lcd.c,124 :: 		
0x013F	0x1687      	BSF        LCD_EN, BitPos(LCD_EN+0)
;__Lib_Lcd.c,125 :: 		
0x0140	0x2003      	CALL       _Delay_1us
;__Lib_Lcd.c,126 :: 		
0x0141	0x1287      	BCF        LCD_EN, BitPos(LCD_EN+0)
;__Lib_Lcd.c,127 :: 		
0x0142	0x2007      	CALL       _Delay_5500us
;__Lib_Lcd.c,130 :: 		
0x0143	0x1687      	BSF        LCD_EN, BitPos(LCD_EN+0)
;__Lib_Lcd.c,131 :: 		
0x0144	0x2003      	CALL       _Delay_1us
;__Lib_Lcd.c,132 :: 		
0x0145	0x1287      	BCF        LCD_EN, BitPos(LCD_EN+0)
;__Lib_Lcd.c,134 :: 		
0x0146	0x1087      	BCF        LCD_D5, BitPos(LCD_D5+0)
;__Lib_Lcd.c,135 :: 		
0x0147	0x1587      	BSF        LCD_D7, BitPos(LCD_D7+0)
;__Lib_Lcd.c,136 :: 		
0x0148	0x1687      	BSF        LCD_EN, BitPos(LCD_EN+0)
;__Lib_Lcd.c,137 :: 		
0x0149	0x2003      	CALL       _Delay_1us
;__Lib_Lcd.c,138 :: 		
0x014A	0x1287      	BCF        LCD_EN, BitPos(LCD_EN+0)
;__Lib_Lcd.c,139 :: 		
0x014B	0x2007      	CALL       _Delay_5500us
;__Lib_Lcd.c,142 :: 		
0x014C	0x1187      	BCF        LCD_D7, BitPos(LCD_D7+0)
;__Lib_Lcd.c,143 :: 		
0x014D	0x1407      	BSF        LCD_D4, BitPos(LCD_D4+0)
;__Lib_Lcd.c,144 :: 		
0x014E	0x1687      	BSF        LCD_EN, BitPos(LCD_EN+0)
;__Lib_Lcd.c,145 :: 		
0x014F	0x2003      	CALL       _Delay_1us
;__Lib_Lcd.c,146 :: 		
0x0150	0x1287      	BCF        LCD_EN, BitPos(LCD_EN+0)
;__Lib_Lcd.c,148 :: 		
0x0151	0x1007      	BCF        LCD_D4, BitPos(LCD_D4+0)
;__Lib_Lcd.c,149 :: 		
0x0152	0x1687      	BSF        LCD_EN, BitPos(LCD_EN+0)
;__Lib_Lcd.c,150 :: 		
0x0153	0x2003      	CALL       _Delay_1us
;__Lib_Lcd.c,151 :: 		
0x0154	0x1287      	BCF        LCD_EN, BitPos(LCD_EN+0)
;__Lib_Lcd.c,152 :: 		
0x0155	0x2007      	CALL       _Delay_5500us
;__Lib_Lcd.c,155 :: 		
0x0156	0x1687      	BSF        LCD_EN, BitPos(LCD_EN+0)
;__Lib_Lcd.c,156 :: 		
0x0157	0x2003      	CALL       _Delay_1us
;__Lib_Lcd.c,157 :: 		
0x0158	0x1287      	BCF        LCD_EN, BitPos(LCD_EN+0)
;__Lib_Lcd.c,159 :: 		
0x0159	0x1407      	BSF        LCD_D4, BitPos(LCD_D4+0)
;__Lib_Lcd.c,160 :: 		
0x015A	0x1687      	BSF        LCD_EN, BitPos(LCD_EN+0)
;__Lib_Lcd.c,161 :: 		
0x015B	0x2003      	CALL       _Delay_1us
;__Lib_Lcd.c,162 :: 		
0x015C	0x1287      	BCF        LCD_EN, BitPos(LCD_EN+0)
;__Lib_Lcd.c,163 :: 		
0x015D	0x2007      	CALL       _Delay_5500us
;__Lib_Lcd.c,166 :: 		
0x015E	0x1007      	BCF        LCD_D4, BitPos(LCD_D4+0)
;__Lib_Lcd.c,167 :: 		
0x015F	0x1687      	BSF        LCD_EN, BitPos(LCD_EN+0)
;__Lib_Lcd.c,168 :: 		
0x0160	0x2003      	CALL       _Delay_1us
;__Lib_Lcd.c,169 :: 		
0x0161	0x1287      	BCF        LCD_EN, BitPos(LCD_EN+0)
;__Lib_Lcd.c,171 :: 		
0x0162	0x1587      	BSF        LCD_D7, BitPos(LCD_D7+0)
;__Lib_Lcd.c,172 :: 		
0x0163	0x1507      	BSF        LCD_D6, BitPos(LCD_D6+0)
;__Lib_Lcd.c,173 :: 		
0x0164	0x1487      	BSF        LCD_D5, BitPos(LCD_D5+0)
;__Lib_Lcd.c,174 :: 		
0x0165	0x1407      	BSF        LCD_D4, BitPos(LCD_D4+0)
;__Lib_Lcd.c,175 :: 		
0x0166	0x1687      	BSF        LCD_EN, BitPos(LCD_EN+0)
;__Lib_Lcd.c,176 :: 		
0x0167	0x2003      	CALL       _Delay_1us
;__Lib_Lcd.c,177 :: 		
0x0168	0x1287      	BCF        LCD_EN, BitPos(LCD_EN+0)
;__Lib_Lcd.c,179 :: 		
0x0169	0x2007      	CALL       _Delay_5500us
;__Lib_Lcd.c,181 :: 		
0x016A	0x1703      	BSF        STATUS, 6
0x016B	0x1412      	BSF        __Lib_Lcd_cmd_status, BitPos(__Lib_Lcd_cmd_status+0)
;__Lib_Lcd.c,182 :: 		
L_end_Lcd_Init:
0x016C	0x0008      	RETURN
; end of _Lcd_Init
_Keypad_Key_Click:
;__Lib_Keypad4x4.c,77 :: 		
;__Lib_Keypad4x4.c,81 :: 		
0x016D	0x20CD      	CALL       _Keypad_Key_Press
0x016E	0x0870      	MOVF       R0, 0
0x016F	0x00A5      	MOVWF      Keypad_Key_Click_rslt_L0
;__Lib_Keypad4x4.c,83 :: 		
L_Keypad_Key_Click5:
0x0170	0x300F      	MOVLW      15
0x0171	0x1303      	BCF        STATUS, 6
0x0172	0x0508      	ANDWF      keypadPort, 0
0x0173	0x00F0      	MOVWF      R0
0x0174	0x1903      	BTFSC      STATUS, 2
0x0175	0x2978      	GOTO       L_Keypad_Key_Click6
;__Lib_Keypad4x4.c,84 :: 		
0x0176	0x20C4      	CALL       _Delay_10us
0x0177	0x2970      	GOTO       L_Keypad_Key_Click5
L_Keypad_Key_Click6:
;__Lib_Keypad4x4.c,86 :: 		
0x0178	0x1703      	BSF        STATUS, 6
0x0179	0x0825      	MOVF       Keypad_Key_Click_rslt_L0, 0
0x017A	0x00F0      	MOVWF      R0
;__Lib_Keypad4x4.c,87 :: 		
L_end_Keypad_Key_Click:
0x017B	0x0008      	RETURN
; end of _Keypad_Key_Click
_backSpace:
;rid.c,59 :: 		void backSpace(){
;rid.c,60 :: 		Lcd_Cmd(_LCD_CLEAR);                 // Clearing the screen
0x017C	0x3001      	MOVLW      1
0x017D	0x1283      	BCF        STATUS, 5
0x017E	0x1703      	BSF        STATUS, 6
0x017F	0x00AD      	MOVWF      FARG_Lcd_Cmd_out_char
0x0180	0x201C      	CALL       _Lcd_Cmd
;rid.c,61 :: 		Lcd_Out(1, 1, "Enter code:");        // Displaying msg
0x0181	0x3001      	MOVLW      1
0x0182	0x1703      	BSF        STATUS, 6
0x0183	0x00A7      	MOVWF      FARG_Lcd_Out_row
0x0184	0x3001      	MOVLW      1
0x0185	0x00A8      	MOVWF      FARG_Lcd_Out_column
0x0186	0x304F      	MOVLW      ?lstr4_rid
0x0187	0x00A9      	MOVWF      FARG_Lcd_Out_text
0x0188	0x2083      	CALL       _Lcd_Out
;rid.c,62 :: 		Lcd_Cmd(_LCD_BLINK_CURSOR_ON);       // LCD Blinking cursor
0x0189	0x300F      	MOVLW      15
0x018A	0x00AD      	MOVWF      FARG_Lcd_Cmd_out_char
0x018B	0x201C      	CALL       _Lcd_Cmd
;rid.c,63 :: 		Lcd_Cmd(_LCD_SECOND_ROW);            // Cursor on second row
0x018C	0x30C0      	MOVLW      192
0x018D	0x1703      	BSF        STATUS, 6
0x018E	0x00AD      	MOVWF      FARG_Lcd_Cmd_out_char
0x018F	0x201C      	CALL       _Lcd_Cmd
;rid.c,64 :: 		i=0;                                 // staring i is zero
0x0190	0x1683      	BSF        STATUS, 5
0x0191	0x01ED      	CLRF       _i
;rid.c,65 :: 		index--;                             // moving to last index and index can't be less than zero
0x0192	0x3001      	MOVLW      1
0x0193	0x1283      	BCF        STATUS, 5
0x0194	0x1703      	BSF        STATUS, 6
0x0195	0x0295      	SUBWF      _index, 1
0x0196	0x1C03      	BTFSS      STATUS, 0
0x0197	0x0396      	DECF       _index+1, 1
;rid.c,66 :: 		while(i<index){                      // loop  for displaying * it will run
L_backSpace1:
0x0198	0x1283      	BCF        STATUS, 5
0x0199	0x1703      	BSF        STATUS, 6
0x019A	0x3080      	MOVLW      128
0x019B	0x00F0      	MOVWF      R0
0x019C	0x3080      	MOVLW      128
0x019D	0x0616      	XORWF      _index+1, 0
0x019E	0x0270      	SUBWF      R0, 0
0x019F	0x1D03      	BTFSS      STATUS, 2
0x01A0	0x29A5      	GOTO       L__backSpace65
0x01A1	0x0815      	MOVF       _index, 0
0x01A2	0x1683      	BSF        STATUS, 5
0x01A3	0x1303      	BCF        STATUS, 6
0x01A4	0x026D      	SUBWF      _i, 0
L__backSpace65:
0x01A5	0x1803      	BTFSC      STATUS, 0
0x01A6	0x29B0      	GOTO       L_backSpace2
;rid.c,67 :: 		Lcd_Chr_Cp('*');                // the number of digit added
0x01A7	0x302A      	MOVLW      42
0x01A8	0x1283      	BCF        STATUS, 5
0x01A9	0x1703      	BSF        STATUS, 6
0x01AA	0x00AC      	MOVWF      FARG_Lcd_Chr_CP_out_char
0x01AB	0x207A      	CALL       _Lcd_Chr_CP
;rid.c,68 :: 		i++;                            // incrementing in i
0x01AC	0x1683      	BSF        STATUS, 5
0x01AD	0x1303      	BCF        STATUS, 6
0x01AE	0x0AED      	INCF       _i, 1
;rid.c,69 :: 		}
0x01AF	0x2998      	GOTO       L_backSpace1
L_backSpace2:
;rid.c,70 :: 		}
L_end_backSpace:
0x01B0	0x0008      	RETURN
; end of _backSpace
_UART1_Write:
;__Lib_UART_c67.c,39 :: 		
;__Lib_UART_c67.c,40 :: 		
L_UART1_Write3:
0x01B1	0x1683      	BSF        STATUS, 5
0x01B2	0x1303      	BCF        STATUS, 6
0x01B3	0x1898      	BTFSC      TXSTA, 1
0x01B4	0x29B7      	GOTO       L_UART1_Write4
;__Lib_UART_c67.c,41 :: 		
0x01B5	0x0000      	NOP
0x01B6	0x29B1      	GOTO       L_UART1_Write3
L_UART1_Write4:
;__Lib_UART_c67.c,42 :: 		
0x01B7	0x1283      	BCF        STATUS, 5
0x01B8	0x1703      	BSF        STATUS, 6
0x01B9	0x0825      	MOVF       FARG_UART1_Write_data_, 0
0x01BA	0x1303      	BCF        STATUS, 6
0x01BB	0x0099      	MOVWF      TXREG
;__Lib_UART_c67.c,43 :: 		
L_end_UART1_Write:
0x01BC	0x0008      	RETURN
; end of _UART1_Write
_promptInput:
;rid.c,44 :: 		void promptInput(int t){
;rid.c,45 :: 		index=0;                             // For inserting a new value at given index
0x01BD	0x1283      	BCF        STATUS, 5
0x01BE	0x1703      	BSF        STATUS, 6
0x01BF	0x0195      	CLRF       _index
0x01C0	0x0196      	CLRF       _index+1
;rid.c,46 :: 		try_pass=t;                          // number of try
0x01C1	0x0825      	MOVF       FARG_promptInput_t, 0
0x01C2	0x0093      	MOVWF      _try_pass
0x01C3	0x0826      	MOVF       FARG_promptInput_t+1, 0
0x01C4	0x0094      	MOVWF      _try_pass+1
;rid.c,47 :: 		Lcd_Cmd(_LCD_CLEAR);                 // Clearing screen
0x01C5	0x3001      	MOVLW      1
0x01C6	0x00AD      	MOVWF      FARG_Lcd_Cmd_out_char
0x01C7	0x201C      	CALL       _Lcd_Cmd
;rid.c,48 :: 		Lcd_Cmd(_LCD_CURSOR_OFF);            // Cursor Off
0x01C8	0x300C      	MOVLW      12
0x01C9	0x1703      	BSF        STATUS, 6
0x01CA	0x00AD      	MOVWF      FARG_Lcd_Cmd_out_char
0x01CB	0x201C      	CALL       _Lcd_Cmd
;rid.c,49 :: 		Lcd_Out(1, 1, "Enter Code");        // prompt msg
0x01CC	0x3001      	MOVLW      1
0x01CD	0x1703      	BSF        STATUS, 6
0x01CE	0x00A7      	MOVWF      FARG_Lcd_Out_row
0x01CF	0x3001      	MOVLW      1
0x01D0	0x00A8      	MOVWF      FARG_Lcd_Out_column
0x01D1	0x305B      	MOVLW      ?lstr3_rid
0x01D2	0x00A9      	MOVWF      FARG_Lcd_Out_text
0x01D3	0x2083      	CALL       _Lcd_Out
;rid.c,50 :: 		Lcd_Cmd(_LCD_BLINK_CURSOR_ON);       // Blinking Cursor
0x01D4	0x300F      	MOVLW      15
0x01D5	0x00AD      	MOVWF      FARG_Lcd_Cmd_out_char
0x01D6	0x201C      	CALL       _Lcd_Cmd
;rid.c,51 :: 		Lcd_Cmd(_LCD_SECOND_ROW);            // Cursor on second row
0x01D7	0x30C0      	MOVLW      192
0x01D8	0x1703      	BSF        STATUS, 6
0x01D9	0x00AD      	MOVWF      FARG_Lcd_Cmd_out_char
0x01DA	0x201C      	CALL       _Lcd_Cmd
;rid.c,52 :: 		}
L_end_promptInput:
0x01DB	0x0008      	RETURN
; end of _promptInput
_takeInput:
;rid.c,88 :: 		void takeInput(char arr[]){
;rid.c,89 :: 		keyPressed = 0;                       // Key pressed will be zero
0x01DC	0x1283      	BCF        STATUS, 5
0x01DD	0x1303      	BCF        STATUS, 6
0x01DE	0x01EF      	CLRF       _keyPressed
;rid.c,90 :: 		keyPressed = Keypad_Key_Click(); // if key clicked the value will be stored in keyPressed and loop terminates
0x01DF	0x216D      	CALL       _Keypad_Key_Click
0x01E0	0x0870      	MOVF       R0, 0
0x01E1	0x1303      	BCF        STATUS, 6
0x01E2	0x00EF      	MOVWF      _keyPressed
;rid.c,91 :: 		if(keyPressed != 0) {
0x01E3	0x0870      	MOVF       R0, 0
0x01E4	0x3A00      	XORLW      0
0x01E5	0x1903      	BTFSC      STATUS, 2
0x01E6	0x2A86      	GOTO       L_takeInput3
;rid.c,92 :: 		switch(keyPressed){                   // for converting key code to it's ascii
0x01E7	0x2A18      	GOTO       L_takeInput4
;rid.c,93 :: 		case 1:                          // if 1 is pressed
L_takeInput6:
;rid.c,94 :: 		keyPressed = 49;            // ascii of 1 is 49
0x01E8	0x3031      	MOVLW      49
0x01E9	0x00EF      	MOVWF      _keyPressed
;rid.c,95 :: 		break;
0x01EA	0x2A58      	GOTO       L_takeInput5
;rid.c,96 :: 		case 2:                          // if 2 is pressed
L_takeInput7:
;rid.c,97 :: 		keyPressed = 50;            // ascii of 2 is 50
0x01EB	0x3032      	MOVLW      50
0x01EC	0x00EF      	MOVWF      _keyPressed
;rid.c,98 :: 		break;
0x01ED	0x2A58      	GOTO       L_takeInput5
;rid.c,99 :: 		case 3:                          // if 3 is pressed
L_takeInput8:
;rid.c,100 :: 		keyPressed = 51;            // ascii of 3 is 51
0x01EE	0x3033      	MOVLW      51
0x01EF	0x00EF      	MOVWF      _keyPressed
;rid.c,101 :: 		break;
0x01F0	0x2A58      	GOTO       L_takeInput5
;rid.c,102 :: 		case 4:                          // if A is pressed
L_takeInput9:
;rid.c,103 :: 		keyPressed = 65;            // ascii of A is 65
0x01F1	0x3041      	MOVLW      65
0x01F2	0x00EF      	MOVWF      _keyPressed
;rid.c,104 :: 		break;
0x01F3	0x2A58      	GOTO       L_takeInput5
;rid.c,105 :: 		case 5:                          // if 4 is pressed
L_takeInput10:
;rid.c,106 :: 		keyPressed = 52;            // ascii of 4 is 52
0x01F4	0x3034      	MOVLW      52
0x01F5	0x00EF      	MOVWF      _keyPressed
;rid.c,107 :: 		break;
0x01F6	0x2A58      	GOTO       L_takeInput5
;rid.c,108 :: 		case 6:                          // if 5 is pressed
L_takeInput11:
;rid.c,109 :: 		keyPressed = 53;            // ascii of 5 is 53
0x01F7	0x3035      	MOVLW      53
0x01F8	0x00EF      	MOVWF      _keyPressed
;rid.c,110 :: 		break;
0x01F9	0x2A58      	GOTO       L_takeInput5
;rid.c,111 :: 		case 7:                          // if 6 is pressed
L_takeInput12:
;rid.c,112 :: 		keyPressed = 54;            // ascii of 6 is 54
0x01FA	0x3036      	MOVLW      54
0x01FB	0x00EF      	MOVWF      _keyPressed
;rid.c,113 :: 		break;
0x01FC	0x2A58      	GOTO       L_takeInput5
;rid.c,114 :: 		case 8:                          // if B is pressed
L_takeInput13:
;rid.c,115 :: 		keyPressed = 66;            // ascii of B is 66
0x01FD	0x3042      	MOVLW      66
0x01FE	0x00EF      	MOVWF      _keyPressed
;rid.c,116 :: 		break;
0x01FF	0x2A58      	GOTO       L_takeInput5
;rid.c,117 :: 		case 9:                          // if 7 is pressed
L_takeInput14:
;rid.c,118 :: 		keyPressed = 55;            // ascii of 7 is 55
0x0200	0x3037      	MOVLW      55
0x0201	0x00EF      	MOVWF      _keyPressed
;rid.c,119 :: 		break;
0x0202	0x2A58      	GOTO       L_takeInput5
;rid.c,120 :: 		case 10:                         // if 8 is pressed
L_takeInput15:
;rid.c,121 :: 		keyPressed = 56;            // ascii of 8 is 56
0x0203	0x3038      	MOVLW      56
0x0204	0x00EF      	MOVWF      _keyPressed
;rid.c,122 :: 		break;
0x0205	0x2A58      	GOTO       L_takeInput5
;rid.c,123 :: 		case 11:                         // if 9 is pressed
L_takeInput16:
;rid.c,124 :: 		keyPressed = 57;            // ascii of 9 is 57
0x0206	0x3039      	MOVLW      57
0x0207	0x00EF      	MOVWF      _keyPressed
;rid.c,125 :: 		break;
0x0208	0x2A58      	GOTO       L_takeInput5
;rid.c,126 :: 		case 12:                         // if C is pressed
L_takeInput17:
;rid.c,127 :: 		keyPressed = 67;            // ascii of C is 67
0x0209	0x3043      	MOVLW      67
0x020A	0x00EF      	MOVWF      _keyPressed
;rid.c,128 :: 		break;
0x020B	0x2A58      	GOTO       L_takeInput5
;rid.c,129 :: 		case 13:                         // if * is pressed
L_takeInput18:
;rid.c,130 :: 		keyPressed = 42;            // ascii of * is 42
0x020C	0x302A      	MOVLW      42
0x020D	0x00EF      	MOVWF      _keyPressed
;rid.c,131 :: 		break;
0x020E	0x2A58      	GOTO       L_takeInput5
;rid.c,132 :: 		case 14:                         // if 0 is pressed
L_takeInput19:
;rid.c,133 :: 		keyPressed = 48;            // ascii of 0 is 48
0x020F	0x3030      	MOVLW      48
0x0210	0x00EF      	MOVWF      _keyPressed
;rid.c,134 :: 		break;
0x0211	0x2A58      	GOTO       L_takeInput5
;rid.c,135 :: 		case 15:                         // if # is pressed
L_takeInput20:
;rid.c,136 :: 		keyPressed = 35;            // ascii of # is 35
0x0212	0x3023      	MOVLW      35
0x0213	0x00EF      	MOVWF      _keyPressed
;rid.c,137 :: 		break;
0x0214	0x2A58      	GOTO       L_takeInput5
;rid.c,138 :: 		case 16:                         // if D is pressed
L_takeInput21:
;rid.c,139 :: 		keyPressed = 68;            // ascii of D is 68
0x0215	0x3044      	MOVLW      68
0x0216	0x00EF      	MOVWF      _keyPressed
;rid.c,140 :: 		break;
0x0217	0x2A58      	GOTO       L_takeInput5
;rid.c,141 :: 		}
L_takeInput4:
0x0218	0x086F      	MOVF       _keyPressed, 0
0x0219	0x3A01      	XORLW      1
0x021A	0x1903      	BTFSC      STATUS, 2
0x021B	0x29E8      	GOTO       L_takeInput6
0x021C	0x086F      	MOVF       _keyPressed, 0
0x021D	0x3A02      	XORLW      2
0x021E	0x1903      	BTFSC      STATUS, 2
0x021F	0x29EB      	GOTO       L_takeInput7
0x0220	0x086F      	MOVF       _keyPressed, 0
0x0221	0x3A03      	XORLW      3
0x0222	0x1903      	BTFSC      STATUS, 2
0x0223	0x29EE      	GOTO       L_takeInput8
0x0224	0x086F      	MOVF       _keyPressed, 0
0x0225	0x3A04      	XORLW      4
0x0226	0x1903      	BTFSC      STATUS, 2
0x0227	0x29F1      	GOTO       L_takeInput9
0x0228	0x086F      	MOVF       _keyPressed, 0
0x0229	0x3A05      	XORLW      5
0x022A	0x1903      	BTFSC      STATUS, 2
0x022B	0x29F4      	GOTO       L_takeInput10
0x022C	0x086F      	MOVF       _keyPressed, 0
0x022D	0x3A06      	XORLW      6
0x022E	0x1903      	BTFSC      STATUS, 2
0x022F	0x29F7      	GOTO       L_takeInput11
0x0230	0x086F      	MOVF       _keyPressed, 0
0x0231	0x3A07      	XORLW      7
0x0232	0x1903      	BTFSC      STATUS, 2
0x0233	0x29FA      	GOTO       L_takeInput12
0x0234	0x086F      	MOVF       _keyPressed, 0
0x0235	0x3A08      	XORLW      8
0x0236	0x1903      	BTFSC      STATUS, 2
0x0237	0x29FD      	GOTO       L_takeInput13
0x0238	0x086F      	MOVF       _keyPressed, 0
0x0239	0x3A09      	XORLW      9
0x023A	0x1903      	BTFSC      STATUS, 2
0x023B	0x2A00      	GOTO       L_takeInput14
0x023C	0x086F      	MOVF       _keyPressed, 0
0x023D	0x3A0A      	XORLW      10
0x023E	0x1903      	BTFSC      STATUS, 2
0x023F	0x2A03      	GOTO       L_takeInput15
0x0240	0x086F      	MOVF       _keyPressed, 0
0x0241	0x3A0B      	XORLW      11
0x0242	0x1903      	BTFSC      STATUS, 2
0x0243	0x2A06      	GOTO       L_takeInput16
0x0244	0x086F      	MOVF       _keyPressed, 0
0x0245	0x3A0C      	XORLW      12
0x0246	0x1903      	BTFSC      STATUS, 2
0x0247	0x2A09      	GOTO       L_takeInput17
0x0248	0x086F      	MOVF       _keyPressed, 0
0x0249	0x3A0D      	XORLW      13
0x024A	0x1903      	BTFSC      STATUS, 2
0x024B	0x2A0C      	GOTO       L_takeInput18
0x024C	0x086F      	MOVF       _keyPressed, 0
0x024D	0x3A0E      	XORLW      14
0x024E	0x1903      	BTFSC      STATUS, 2
0x024F	0x2A0F      	GOTO       L_takeInput19
0x0250	0x086F      	MOVF       _keyPressed, 0
0x0251	0x3A0F      	XORLW      15
0x0252	0x1903      	BTFSC      STATUS, 2
0x0253	0x2A12      	GOTO       L_takeInput20
0x0254	0x086F      	MOVF       _keyPressed, 0
0x0255	0x3A10      	XORLW      16
0x0256	0x1903      	BTFSC      STATUS, 2
0x0257	0x2A15      	GOTO       L_takeInput21
L_takeInput5:
;rid.c,142 :: 		if(keyPressed == 42 && index!=0)      // if backSpace pressed and count is not zero
0x0258	0x086F      	MOVF       _keyPressed, 0
0x0259	0x3A2A      	XORLW      42
0x025A	0x1D03      	BTFSS      STATUS, 2
0x025B	0x2A67      	GOTO       L_takeInput24
0x025C	0x3000      	MOVLW      0
0x025D	0x1703      	BSF        STATUS, 6
0x025E	0x0616      	XORWF      _index+1, 0
0x025F	0x1D03      	BTFSS      STATUS, 2
0x0260	0x2A63      	GOTO       L__takeInput67
0x0261	0x3000      	MOVLW      0
0x0262	0x0615      	XORWF      _index, 0
L__takeInput67:
0x0263	0x1903      	BTFSC      STATUS, 2
0x0264	0x2A67      	GOTO       L_takeInput24
L__takeInput60:
;rid.c,143 :: 		backSpace();                     // calling backSpace method
0x0265	0x217C      	CALL       _backSpace
0x0266	0x2A86      	GOTO       L_takeInput25
L_takeInput24:
;rid.c,144 :: 		else if(keyPressed == 35)             // if user want to clearInput
0x0267	0x1283      	BCF        STATUS, 5
0x0268	0x1303      	BCF        STATUS, 6
0x0269	0x086F      	MOVF       _keyPressed, 0
0x026A	0x3A23      	XORLW      35
0x026B	0x1D03      	BTFSS      STATUS, 2
0x026C	0x2A74      	GOTO       L_takeInput26
;rid.c,145 :: 		promptInput(try_pass);           // calling prompt msg with number of tries
0x026D	0x1703      	BSF        STATUS, 6
0x026E	0x0813      	MOVF       _try_pass, 0
0x026F	0x00A5      	MOVWF      FARG_promptInput_t
0x0270	0x0814      	MOVF       _try_pass+1, 0
0x0271	0x00A6      	MOVWF      FARG_promptInput_t+1
0x0272	0x21BD      	CALL       _promptInput
0x0273	0x2A86      	GOTO       L_takeInput27
L_takeInput26:
;rid.c,146 :: 		else if(keyPressed != 42){            // else adding value to givenPassword array and dispay * on lcd
0x0274	0x086F      	MOVF       _keyPressed, 0
0x0275	0x3A2A      	XORLW      42
0x0276	0x1903      	BTFSC      STATUS, 2
0x0277	0x2A86      	GOTO       L_takeInput28
;rid.c,147 :: 		Lcd_Chr_Cp(KeyPressed);                 // display * on LCD
0x0278	0x086F      	MOVF       _keyPressed, 0
0x0279	0x1703      	BSF        STATUS, 6
0x027A	0x00AC      	MOVWF      FARG_Lcd_Chr_CP_out_char
0x027B	0x207A      	CALL       _Lcd_Chr_CP
;rid.c,148 :: 		arr[index]=keyPressed;           // Enter pressed value on givePassword array at index value
0x027C	0x0815      	MOVF       _index, 0
0x027D	0x0724      	ADDWF      FARG_takeInput_arr, 0
0x027E	0x0084      	MOVWF      FSR
0x027F	0x1303      	BCF        STATUS, 6
0x0280	0x086F      	MOVF       _keyPressed, 0
0x0281	0x0080      	MOVWF      INDF
;rid.c,149 :: 		index++;                         // incrementing the index
0x0282	0x1703      	BSF        STATUS, 6
0x0283	0x0A95      	INCF       _index, 1
0x0284	0x1903      	BTFSC      STATUS, 2
0x0285	0x0A96      	INCF       _index+1, 1
;rid.c,150 :: 		}
L_takeInput28:
L_takeInput27:
L_takeInput25:
;rid.c,151 :: 		}
L_takeInput3:
;rid.c,152 :: 		}
L_end_takeInput:
0x0286	0x0008      	RETURN
; end of _takeInput
_correctPass:
;rid.c,156 :: 		int correctPass(){
;rid.c,157 :: 		i = 0;
0x0287	0x1683      	BSF        STATUS, 5
0x0288	0x1303      	BCF        STATUS, 6
0x0289	0x01ED      	CLRF       _i
;rid.c,158 :: 		k=1;                                           // for index
0x028A	0x3001      	MOVLW      1
0x028B	0x00EE      	MOVWF      _k
0x028C	0x3000      	MOVLW      0
0x028D	0x00EF      	MOVWF      _k+1
;rid.c,159 :: 		while(i<6){                                      // loop to iterate over array
L_correctPass29:
0x028E	0x3006      	MOVLW      6
0x028F	0x026D      	SUBWF      _i, 0
0x0290	0x1803      	BTFSC      STATUS, 0
0x0291	0x2AA3      	GOTO       L_correctPass30
;rid.c,160 :: 		if(actual_password[i] != given_password[i]) // check each value at each index
0x0292	0x086D      	MOVF       _i, 0
0x0293	0x3ED4      	ADDLW      _actual_password
0x0294	0x0084      	MOVWF      FSR
0x0295	0x0800      	MOVF       INDF, 0
0x0296	0x00F1      	MOVWF      R1
0x0297	0x086D      	MOVF       _i, 0
0x0298	0x3EDA      	ADDLW      _given_password
0x0299	0x0084      	MOVWF      FSR
0x029A	0x0871      	MOVF       R1, 0
0x029B	0x0600      	XORWF      INDF, 0
0x029C	0x1903      	BTFSC      STATUS, 2
0x029D	0x2AA1      	GOTO       L_correctPass31
;rid.c,161 :: 		return 0;                             // if boht are not same return 0
0x029E	0x01F0      	CLRF       R0
0x029F	0x01F1      	CLRF       R0+1
0x02A0	0x2AA7      	GOTO       L_end_correctPass
L_correctPass31:
;rid.c,162 :: 		i++;                                        // index increment
0x02A1	0x0AED      	INCF       _i, 1
;rid.c,163 :: 		}
0x02A2	0x2A8E      	GOTO       L_correctPass29
L_correctPass30:
;rid.c,164 :: 		return 1;                                        // return 1 mean password is same
0x02A3	0x3001      	MOVLW      1
0x02A4	0x00F0      	MOVWF      R0
0x02A5	0x3000      	MOVLW      0
0x02A6	0x00F1      	MOVWF      R0+1
;rid.c,165 :: 		}
L_end_correctPass:
0x02A7	0x0008      	RETURN
; end of _correctPass
_openDoor:
;rid.c,167 :: 		void openDoor(){
;rid.c,168 :: 		TRISB=0;
0x02A8	0x1683      	BSF        STATUS, 5
0x02A9	0x1303      	BCF        STATUS, 6
0x02AA	0x0186      	CLRF       TRISB
;rid.c,169 :: 		PORTB.B6=1;    //0/1 according to password check and drives the motor
0x02AB	0x1283      	BCF        STATUS, 5
0x02AC	0x1706      	BSF        PORTB, 6
;rid.c,170 :: 		PORTB.B7=0;
0x02AD	0x1386      	BCF        PORTB, 7
;rid.c,171 :: 		Lcd_Cmd(_LCD_CLEAR);                 // Clearing the screen
0x02AE	0x3001      	MOVLW      1
0x02AF	0x1703      	BSF        STATUS, 6
0x02B0	0x00AD      	MOVWF      FARG_Lcd_Cmd_out_char
0x02B1	0x201C      	CALL       _Lcd_Cmd
;rid.c,172 :: 		Lcd_Out(1, 1, "Door Opened");        // Displaying msg
0x02B2	0x3001      	MOVLW      1
0x02B3	0x1703      	BSF        STATUS, 6
0x02B4	0x00A7      	MOVWF      FARG_Lcd_Out_row
0x02B5	0x3001      	MOVLW      1
0x02B6	0x00A8      	MOVWF      FARG_Lcd_Out_column
0x02B7	0x30BD      	MOVLW      ?lstr5_rid
0x02B8	0x00A9      	MOVWF      FARG_Lcd_Out_text
0x02B9	0x2083      	CALL       _Lcd_Out
;rid.c,173 :: 		Delay_ms(100);
0x02BA	0x3002      	MOVLW      2
0x02BB	0x00FB      	MOVWF      R11
0x02BC	0x3086      	MOVLW      134
0x02BD	0x00FC      	MOVWF      R12
0x02BE	0x3099      	MOVLW      153
0x02BF	0x00FD      	MOVWF      R13
L_openDoor32:
0x02C0	0x0BFD      	DECFSZ     R13, 1
0x02C1	0x2AC0      	GOTO       L_openDoor32
0x02C2	0x0BFC      	DECFSZ     R12, 1
0x02C3	0x2AC0      	GOTO       L_openDoor32
0x02C4	0x0BFB      	DECFSZ     R11, 1
0x02C5	0x2AC0      	GOTO       L_openDoor32
;rid.c,174 :: 		PORTB.B6=0;
0x02C6	0x1306      	BCF        PORTB, 6
;rid.c,175 :: 		}
L_end_openDoor:
0x02C7	0x0008      	RETURN
; end of _openDoor
_checkRFID:
;rid.c,201 :: 		void checkRFID(){
;rid.c,202 :: 		for(i=0;i<12;){ // To Read 12 characters
0x02C8	0x1683      	BSF        STATUS, 5
0x02C9	0x1303      	BCF        STATUS, 6
0x02CA	0x01ED      	CLRF       _i
L_checkRFID36:
0x02CB	0x1683      	BSF        STATUS, 5
0x02CC	0x300C      	MOVLW      12
0x02CD	0x026D      	SUBWF      _i, 0
0x02CE	0x1803      	BTFSC      STATUS, 0
0x02CF	0x2AF0      	GOTO       L_checkRFID37
;rid.c,203 :: 		if(UART1_Data_Ready()) {
0x02D0	0x2110      	CALL       _UART1_Data_Ready
0x02D1	0x0870      	MOVF       R0, 0
0x02D2	0x1903      	BTFSC      STATUS, 2
0x02D3	0x2AE3      	GOTO       L_checkRFID39
;rid.c,204 :: 		rfid[i] = UART1_Read();
0x02D4	0x1683      	BSF        STATUS, 5
0x02D5	0x086D      	MOVF       _i, 0
0x02D6	0x3EE0      	ADDLW      _rfid
0x02D7	0x1283      	BCF        STATUS, 5
0x02D8	0x1703      	BSF        STATUS, 6
0x02D9	0x00A4      	MOVWF      FLOC__checkRFID
0x02DA	0x2105      	CALL       _UART1_Read
0x02DB	0x1703      	BSF        STATUS, 6
0x02DC	0x0824      	MOVF       FLOC__checkRFID, 0
0x02DD	0x0084      	MOVWF      FSR
0x02DE	0x0870      	MOVF       R0, 0
0x02DF	0x0080      	MOVWF      INDF
;rid.c,205 :: 		i++;
0x02E0	0x1683      	BSF        STATUS, 5
0x02E1	0x1303      	BCF        STATUS, 6
0x02E2	0x0AED      	INCF       _i, 1
;rid.c,206 :: 		}
L_checkRFID39:
;rid.c,207 :: 		keyPressed = Keypad_Key_Click();
0x02E3	0x216D      	CALL       _Keypad_Key_Click
0x02E4	0x0870      	MOVF       R0, 0
0x02E5	0x1303      	BCF        STATUS, 6
0x02E6	0x00EF      	MOVWF      _keyPressed
;rid.c,208 :: 		if(keyPressed != 0){
0x02E7	0x0870      	MOVF       R0, 0
0x02E8	0x3A00      	XORLW      0
0x02E9	0x1903      	BTFSC      STATUS, 2
0x02EA	0x2AEF      	GOTO       L_checkRFID40
;rid.c,209 :: 		k=0;
0x02EB	0x1683      	BSF        STATUS, 5
0x02EC	0x01EE      	CLRF       _k
0x02ED	0x01EF      	CLRF       _k+1
;rid.c,210 :: 		return;
0x02EE	0x2B79      	GOTO       L_end_checkRFID
;rid.c,211 :: 		}
L_checkRFID40:
;rid.c,212 :: 		}
0x02EF	0x2ACB      	GOTO       L_checkRFID36
L_checkRFID37:
0x02F0	0x1683      	BSF        STATUS, 5
;rid.c,213 :: 		if(i != 0){
0x02F1	0x086D      	MOVF       _i, 0
0x02F2	0x3A00      	XORLW      0
0x02F3	0x1903      	BTFSC      STATUS, 2
0x02F4	0x2B79      	GOTO       L_checkRFID41
;rid.c,214 :: 		Lcd_Cmd(_LCD_CLEAR);
0x02F5	0x3001      	MOVLW      1
0x02F6	0x1283      	BCF        STATUS, 5
0x02F7	0x1703      	BSF        STATUS, 6
0x02F8	0x00AD      	MOVWF      FARG_Lcd_Cmd_out_char
0x02F9	0x201C      	CALL       _Lcd_Cmd
;rid.c,215 :: 		Lcd_Out(1,1,"RFID Detected");
0x02FA	0x3001      	MOVLW      1
0x02FB	0x1703      	BSF        STATUS, 6
0x02FC	0x00A7      	MOVWF      FARG_Lcd_Out_row
0x02FD	0x3001      	MOVLW      1
0x02FE	0x00A8      	MOVWF      FARG_Lcd_Out_column
0x02FF	0x302A      	MOVLW      ?lstr8_rid
0x0300	0x00A9      	MOVWF      FARG_Lcd_Out_text
0x0301	0x2083      	CALL       _Lcd_Out
;rid.c,216 :: 		for(i=3;i<12;) {
0x0302	0x3003      	MOVLW      3
0x0303	0x1683      	BSF        STATUS, 5
0x0304	0x1303      	BCF        STATUS, 6
0x0305	0x00ED      	MOVWF      _i
L_checkRFID42:
0x0306	0x300C      	MOVLW      12
0x0307	0x026D      	SUBWF      _i, 0
0x0308	0x1803      	BTFSC      STATUS, 0
0x0309	0x2B50      	GOTO       L_checkRFID43
;rid.c,217 :: 		UART1_Write(rfid[i]);
0x030A	0x086D      	MOVF       _i, 0
0x030B	0x3EE0      	ADDLW      _rfid
0x030C	0x0084      	MOVWF      FSR
0x030D	0x0800      	MOVF       INDF, 0
0x030E	0x1283      	BCF        STATUS, 5
0x030F	0x1703      	BSF        STATUS, 6
0x0310	0x00A5      	MOVWF      FARG_UART1_Write_data_
0x0311	0x21B1      	CALL       _UART1_Write
;rid.c,218 :: 		if(rfid[i] != rfid_pass[i-3]) {
0x0312	0x1683      	BSF        STATUS, 5
0x0313	0x086D      	MOVF       _i, 0
0x0314	0x3EE0      	ADDLW      _rfid
0x0315	0x0084      	MOVWF      FSR
0x0316	0x0800      	MOVF       INDF, 0
0x0317	0x00F2      	MOVWF      R2
0x0318	0x3003      	MOVLW      3
0x0319	0x026D      	SUBWF      _i, 0
0x031A	0x00F0      	MOVWF      R0
0x031B	0x01F1      	CLRF       R0+1
0x031C	0x1C03      	BTFSS      STATUS, 0
0x031D	0x03F1      	DECF       R0+1, 1
0x031E	0x0870      	MOVF       R0, 0
0x031F	0x3E20      	ADDLW      _rfid_pass
0x0320	0x0084      	MOVWF      FSR
0x0321	0x0872      	MOVF       R2, 0
0x0322	0x0600      	XORWF      INDF, 0
0x0323	0x1903      	BTFSC      STATUS, 2
0x0324	0x2B4D      	GOTO       L_checkRFID45
;rid.c,219 :: 		Lcd_Cmd(_LCD_CLEAR);
0x0325	0x3001      	MOVLW      1
0x0326	0x1283      	BCF        STATUS, 5
0x0327	0x1703      	BSF        STATUS, 6
0x0328	0x00AD      	MOVWF      FARG_Lcd_Cmd_out_char
0x0329	0x201C      	CALL       _Lcd_Cmd
;rid.c,220 :: 		Lcd_Out(1,1,"RFID Not");
0x032A	0x3001      	MOVLW      1
0x032B	0x1703      	BSF        STATUS, 6
0x032C	0x00A7      	MOVWF      FARG_Lcd_Out_row
0x032D	0x3001      	MOVLW      1
0x032E	0x00A8      	MOVWF      FARG_Lcd_Out_column
0x032F	0x3066      	MOVLW      ?lstr9_rid
0x0330	0x00A9      	MOVWF      FARG_Lcd_Out_text
0x0331	0x2083      	CALL       _Lcd_Out
;rid.c,221 :: 		Lcd_Out(2,1,"Registered");
0x0332	0x3002      	MOVLW      2
0x0333	0x00A7      	MOVWF      FARG_Lcd_Out_row
0x0334	0x3001      	MOVLW      1
0x0335	0x00A8      	MOVWF      FARG_Lcd_Out_column
0x0336	0x30C9      	MOVLW      ?lstr10_rid
0x0337	0x00A9      	MOVWF      FARG_Lcd_Out_text
0x0338	0x2083      	CALL       _Lcd_Out
;rid.c,222 :: 		delay_ms(1000);
0x0339	0x3010      	MOVLW      16
0x033A	0x00FB      	MOVWF      R11
0x033B	0x3039      	MOVLW      57
0x033C	0x00FC      	MOVWF      R12
0x033D	0x300D      	MOVLW      13
0x033E	0x00FD      	MOVWF      R13
L_checkRFID46:
0x033F	0x0BFD      	DECFSZ     R13, 1
0x0340	0x2B3F      	GOTO       L_checkRFID46
0x0341	0x0BFC      	DECFSZ     R12, 1
0x0342	0x2B3F      	GOTO       L_checkRFID46
0x0343	0x0BFB      	DECFSZ     R11, 1
0x0344	0x2B3F      	GOTO       L_checkRFID46
0x0345	0x0000      	NOP
0x0346	0x0000      	NOP
;rid.c,223 :: 		promptInput(try_pass);
0x0347	0x0813      	MOVF       _try_pass, 0
0x0348	0x00A5      	MOVWF      FARG_promptInput_t
0x0349	0x0814      	MOVF       _try_pass+1, 0
0x034A	0x00A6      	MOVWF      FARG_promptInput_t+1
0x034B	0x21BD      	CALL       _promptInput
;rid.c,224 :: 		return;
0x034C	0x2B79      	GOTO       L_end_checkRFID
;rid.c,225 :: 		}
L_checkRFID45:
;rid.c,226 :: 		i++;
0x034D	0x1683      	BSF        STATUS, 5
0x034E	0x0AED      	INCF       _i, 1
;rid.c,227 :: 		}
0x034F	0x2B06      	GOTO       L_checkRFID42
L_checkRFID43:
;rid.c,228 :: 		Lcd_Cmd(_LCD_SECOND_ROW);
0x0350	0x30C0      	MOVLW      192
0x0351	0x1283      	BCF        STATUS, 5
0x0352	0x1703      	BSF        STATUS, 6
0x0353	0x00AD      	MOVWF      FARG_Lcd_Cmd_out_char
0x0354	0x201C      	CALL       _Lcd_Cmd
;rid.c,229 :: 		for(i=0;i<6;i++){
0x0355	0x1683      	BSF        STATUS, 5
0x0356	0x01ED      	CLRF       _i
L_checkRFID47:
0x0357	0x3006      	MOVLW      6
0x0358	0x026D      	SUBWF      _i, 0
0x0359	0x1803      	BTFSC      STATUS, 0
0x035A	0x2B73      	GOTO       L_checkRFID48
;rid.c,230 :: 		given_password[i]=actual_password[i];
0x035B	0x086D      	MOVF       _i, 0
0x035C	0x3EDA      	ADDLW      _given_password
0x035D	0x00F1      	MOVWF      R1
0x035E	0x086D      	MOVF       _i, 0
0x035F	0x3ED4      	ADDLW      _actual_password
0x0360	0x0084      	MOVWF      FSR
0x0361	0x0800      	MOVF       INDF, 0
0x0362	0x00F0      	MOVWF      R0
0x0363	0x0871      	MOVF       R1, 0
0x0364	0x0084      	MOVWF      FSR
0x0365	0x0870      	MOVF       R0, 0
0x0366	0x0080      	MOVWF      INDF
;rid.c,231 :: 		Lcd_Chr_cp(given_password[i]);
0x0367	0x086D      	MOVF       _i, 0
0x0368	0x3EDA      	ADDLW      _given_password
0x0369	0x0084      	MOVWF      FSR
0x036A	0x0800      	MOVF       INDF, 0
0x036B	0x1283      	BCF        STATUS, 5
0x036C	0x1703      	BSF        STATUS, 6
0x036D	0x00AC      	MOVWF      FARG_Lcd_Chr_CP_out_char
0x036E	0x207A      	CALL       _Lcd_Chr_CP
;rid.c,229 :: 		for(i=0;i<6;i++){
0x036F	0x1683      	BSF        STATUS, 5
0x0370	0x1303      	BCF        STATUS, 6
0x0371	0x0AED      	INCF       _i, 1
;rid.c,232 :: 		}
0x0372	0x2B57      	GOTO       L_checkRFID47
L_checkRFID48:
;rid.c,233 :: 		index=6;
0x0373	0x3006      	MOVLW      6
0x0374	0x1283      	BCF        STATUS, 5
0x0375	0x1703      	BSF        STATUS, 6
0x0376	0x0095      	MOVWF      _index
0x0377	0x3000      	MOVLW      0
0x0378	0x0096      	MOVWF      _index+1
;rid.c,234 :: 		}
L_checkRFID41:
;rid.c,235 :: 		}
L_end_checkRFID:
0x0379	0x0008      	RETURN
; end of _checkRFID
_lockDoor:
;rid.c,177 :: 		void lockDoor(){
;rid.c,178 :: 		TRISB=0;
0x037A	0x1683      	BSF        STATUS, 5
0x037B	0x1303      	BCF        STATUS, 6
0x037C	0x0186      	CLRF       TRISB
;rid.c,179 :: 		PORTB.B6=0;    //0/1 according to password check and drives the motor
0x037D	0x1283      	BCF        STATUS, 5
0x037E	0x1306      	BCF        PORTB, 6
;rid.c,180 :: 		PORTB.B7=1;
0x037F	0x1786      	BSF        PORTB, 7
;rid.c,181 :: 		Lcd_Cmd(_LCD_CLEAR);
0x0380	0x3001      	MOVLW      1
0x0381	0x1703      	BSF        STATUS, 6
0x0382	0x00AD      	MOVWF      FARG_Lcd_Cmd_out_char
0x0383	0x201C      	CALL       _Lcd_Cmd
;rid.c,182 :: 		Lcd_Out(1, 1, "Door Closed");        // Displaying msg
0x0384	0x3001      	MOVLW      1
0x0385	0x1703      	BSF        STATUS, 6
0x0386	0x00A7      	MOVWF      FARG_Lcd_Out_row
0x0387	0x3001      	MOVLW      1
0x0388	0x00A8      	MOVWF      FARG_Lcd_Out_column
0x0389	0x3038      	MOVLW      ?lstr6_rid
0x038A	0x00A9      	MOVWF      FARG_Lcd_Out_text
0x038B	0x2083      	CALL       _Lcd_Out
;rid.c,183 :: 		Delay_ms(100);
0x038C	0x3002      	MOVLW      2
0x038D	0x00FB      	MOVWF      R11
0x038E	0x3086      	MOVLW      134
0x038F	0x00FC      	MOVWF      R12
0x0390	0x3099      	MOVLW      153
0x0391	0x00FD      	MOVWF      R13
L_lockDoor33:
0x0392	0x0BFD      	DECFSZ     R13, 1
0x0393	0x2B92      	GOTO       L_lockDoor33
0x0394	0x0BFC      	DECFSZ     R12, 1
0x0395	0x2B92      	GOTO       L_lockDoor33
0x0396	0x0BFB      	DECFSZ     R11, 1
0x0397	0x2B92      	GOTO       L_lockDoor33
;rid.c,184 :: 		PORTB.B7=0;
0x0398	0x1386      	BCF        PORTB, 7
;rid.c,185 :: 		}
L_end_lockDoor:
0x0399	0x0008      	RETURN
; end of _lockDoor
_init:
;rid.c,29 :: 		void init(){
;rid.c,30 :: 		Lcd_Init();                          // Initialize LCD
0x039A	0x211E      	CALL       _Lcd_Init
;rid.c,31 :: 		Lcd_Cmd(_LCD_CLEAR);                 // Clearing Screen
0x039B	0x3001      	MOVLW      1
0x039C	0x00AD      	MOVWF      FARG_Lcd_Cmd_out_char
0x039D	0x201C      	CALL       _Lcd_Cmd
;rid.c,32 :: 		Lcd_Cmd(_LCD_CURSOR_OFF);            // Cursor will not be displayed
0x039E	0x300C      	MOVLW      12
0x039F	0x1703      	BSF        STATUS, 6
0x03A0	0x00AD      	MOVWF      FARG_Lcd_Cmd_out_char
0x03A1	0x201C      	CALL       _Lcd_Cmd
;rid.c,33 :: 		Lcd_Out(1,1,"Password Lock By");     // Prompt msg
0x03A2	0x3001      	MOVLW      1
0x03A3	0x1703      	BSF        STATUS, 6
0x03A4	0x00A7      	MOVWF      FARG_Lcd_Out_row
0x03A5	0x3001      	MOVLW      1
0x03A6	0x00A8      	MOVWF      FARG_Lcd_Out_column
0x03A7	0x30AC      	MOVLW      ?lstr1_rid
0x03A8	0x00A9      	MOVWF      FARG_Lcd_Out_text
0x03A9	0x2083      	CALL       _Lcd_Out
;rid.c,34 :: 		Lcd_Out(2,1,"Bilal Ahmed");          // Prompt msg
0x03AA	0x3002      	MOVLW      2
0x03AB	0x00A7      	MOVWF      FARG_Lcd_Out_row
0x03AC	0x3001      	MOVLW      1
0x03AD	0x00A8      	MOVWF      FARG_Lcd_Out_column
0x03AE	0x30A0      	MOVLW      ?lstr2_rid
0x03AF	0x00A9      	MOVWF      FARG_Lcd_Out_text
0x03B0	0x2083      	CALL       _Lcd_Out
;rid.c,35 :: 		try_pass = 0;
0x03B1	0x0193      	CLRF       _try_pass
0x03B2	0x0194      	CLRF       _try_pass+1
;rid.c,36 :: 		k=1;
0x03B3	0x3001      	MOVLW      1
0x03B4	0x1683      	BSF        STATUS, 5
0x03B5	0x1303      	BCF        STATUS, 6
0x03B6	0x00EE      	MOVWF      _k
0x03B7	0x3000      	MOVLW      0
0x03B8	0x00EF      	MOVWF      _k+1
;rid.c,37 :: 		delay_ms(1000);
0x03B9	0x3010      	MOVLW      16
0x03BA	0x00FB      	MOVWF      R11
0x03BB	0x3039      	MOVLW      57
0x03BC	0x00FC      	MOVWF      R12
0x03BD	0x300D      	MOVLW      13
0x03BE	0x00FD      	MOVWF      R13
L_init0:
0x03BF	0x0BFD      	DECFSZ     R13, 1
0x03C0	0x2BBF      	GOTO       L_init0
0x03C1	0x0BFC      	DECFSZ     R12, 1
0x03C2	0x2BBF      	GOTO       L_init0
0x03C3	0x0BFB      	DECFSZ     R11, 1
0x03C4	0x2BBF      	GOTO       L_init0
0x03C5	0x0000      	NOP
0x03C6	0x0000      	NOP
;rid.c,38 :: 		}
L_end_init:
0x03C7	0x0008      	RETURN
; end of _init
_UART1_Init:
;__Lib_UART_c67.c,2 :: 		
;__Lib_UART_c67.c,5 :: 		
0x03C8	0x1683      	BSF        STATUS, 5
0x03C9	0x1303      	BCF        STATUS, 6
0x03CA	0x1698      	BSF        TXSTA, 5
;__Lib_UART_c67.c,6 :: 		
0x03CB	0x3090      	MOVLW      144
0x03CC	0x1283      	BCF        STATUS, 5
0x03CD	0x0098      	MOVWF      RCSTA
;__Lib_UART_c67.c,7 :: 		
0x03CE	0x1683      	BSF        STATUS, 5
0x03CF	0x1787      	BSF        TRISC7_bit, BitPos(TRISC7_bit+0)
;__Lib_UART_c67.c,8 :: 		
0x03D0	0x1307      	BCF        TRISC6_bit, BitPos(TRISC6_bit+0)
;__Lib_UART_c67.c,10 :: 		
L_UART1_Init0:
0x03D1	0x1283      	BCF        STATUS, 5
0x03D2	0x1E8C      	BTFSS      PIR1, 5
0x03D3	0x2BD7      	GOTO       L_UART1_Init1
;__Lib_UART_c67.c,11 :: 		
0x03D4	0x081A      	MOVF       RCREG, 0
0x03D5	0x00F0      	MOVWF      R0
0x03D6	0x2BD1      	GOTO       L_UART1_Init0
L_UART1_Init1:
;__Lib_UART_c67.c,12 :: 		
L_end_UART1_Init:
0x03D7	0x0008      	RETURN
; end of _UART1_Init
_checkTry:
;rid.c,187 :: 		void checkTry(){
;rid.c,188 :: 		try_pass++;
0x03D8	0x1283      	BCF        STATUS, 5
0x03D9	0x1703      	BSF        STATUS, 6
0x03DA	0x0A93      	INCF       _try_pass, 1
0x03DB	0x1903      	BTFSC      STATUS, 2
0x03DC	0x0A94      	INCF       _try_pass+1, 1
;rid.c,189 :: 		if(try_pass == 3){
0x03DD	0x3000      	MOVLW      0
0x03DE	0x0614      	XORWF      _try_pass+1, 0
0x03DF	0x1D03      	BTFSS      STATUS, 2
0x03E0	0x2BE3      	GOTO       L__checkTry72
0x03E1	0x3003      	MOVLW      3
0x03E2	0x0613      	XORWF      _try_pass, 0
L__checkTry72:
0x03E3	0x1D03      	BTFSS      STATUS, 2
0x03E4	0x2C09      	GOTO       L_checkTry34
;rid.c,190 :: 		Lcd_Cmd(_LCD_CLEAR);
0x03E5	0x3001      	MOVLW      1
0x03E6	0x00AD      	MOVWF      FARG_Lcd_Cmd_out_char
0x03E7	0x201C      	CALL       _Lcd_Cmd
;rid.c,191 :: 		Lcd_Out(1, 1, "Wrong Pass");        // Displaying msg
0x03E8	0x3001      	MOVLW      1
0x03E9	0x1703      	BSF        STATUS, 6
0x03EA	0x00A7      	MOVWF      FARG_Lcd_Out_row
0x03EB	0x3001      	MOVLW      1
0x03EC	0x00A8      	MOVWF      FARG_Lcd_Out_column
0x03ED	0x3044      	MOVLW      ?lstr7_rid
0x03EE	0x00A9      	MOVWF      FARG_Lcd_Out_text
0x03EF	0x2083      	CALL       _Lcd_Out
;rid.c,192 :: 		TRISB=0;
0x03F0	0x1683      	BSF        STATUS, 5
0x03F1	0x1303      	BCF        STATUS, 6
0x03F2	0x0186      	CLRF       TRISB
;rid.c,193 :: 		PORTB.B7 = 0;
0x03F3	0x1283      	BCF        STATUS, 5
0x03F4	0x1386      	BCF        PORTB, 7
;rid.c,194 :: 		PORTB.B6 = 0;
0x03F5	0x1306      	BCF        PORTB, 6
;rid.c,195 :: 		PORTB.B0=1;
0x03F6	0x1406      	BSF        PORTB, 0
;rid.c,196 :: 		delay_ms(5000);
0x03F7	0x304D      	MOVLW      77
0x03F8	0x00FB      	MOVWF      R11
0x03F9	0x3019      	MOVLW      25
0x03FA	0x00FC      	MOVWF      R12
0x03FB	0x304F      	MOVLW      79
0x03FC	0x00FD      	MOVWF      R13
L_checkTry35:
0x03FD	0x0BFD      	DECFSZ     R13, 1
0x03FE	0x2BFD      	GOTO       L_checkTry35
0x03FF	0x0BFC      	DECFSZ     R12, 1
0x0400	0x2BFD      	GOTO       L_checkTry35
0x0401	0x0BFB      	DECFSZ     R11, 1
0x0402	0x2BFD      	GOTO       L_checkTry35
0x0403	0x0000      	NOP
0x0404	0x0000      	NOP
;rid.c,197 :: 		PORTB.B0=0;
0x0405	0x1006      	BCF        PORTB, 0
;rid.c,198 :: 		try_pass = 0;
0x0406	0x1703      	BSF        STATUS, 6
0x0407	0x0193      	CLRF       _try_pass
0x0408	0x0194      	CLRF       _try_pass+1
;rid.c,199 :: 		}
L_checkTry34:
;rid.c,200 :: 		}
L_end_checkTry:
0x0409	0x0008      	RETURN
; end of _checkTry
___CC2DW:
;__Lib_System.c,134 :: 		
;__Lib_System.c,137 :: 		
_CC2D_Loop1:
;__Lib_System.c,139 :: 		
0x040A	0x2117      	CALL       _____DoICP
0x040B	0x118A      	BCF        PCLATH, 3
0x040C	0x120A      	BCF        PCLATH, 4
;__Lib_System.c,141 :: 		
0x040D	0x0080      	MOVWF      INDF
;__Lib_System.c,142 :: 		
0x040E	0x0A84      	INCF       FSR, 1
;__Lib_System.c,143 :: 		
0x040F	0x0A90      	INCF       ___DoICPAddr, 1
;__Lib_System.c,145 :: 		
0x0410	0x1903      	BTFSC      STATUS, 2
;__Lib_System.c,146 :: 		
0x0411	0x0A91      	INCF       ___DoICPAddr+1, 1
;__Lib_System.c,147 :: 		
0x0412	0x03F0      	DECF       R0, 1
;__Lib_System.c,149 :: 		
0x0413	0x1D03      	BTFSS      STATUS, 2
;__Lib_System.c,150 :: 		
0x0414	0x2C0A      	GOTO       _CC2D_Loop1
;__Lib_System.c,152 :: 		
L_end___CC2DW:
0x0415	0x0008      	RETURN
; end of ___CC2DW
_main:
0x0416	0x24EE      	CALL       1262
;rid.c,236 :: 		void main() {
;rid.c,238 :: 		UART1_Init(9600); // Initialize UART, 9600 baud rate
0x0417	0x304D      	MOVLW      77
0x0418	0x1683      	BSF        STATUS, 5
0x0419	0x1303      	BCF        STATUS, 6
0x041A	0x0099      	MOVWF      SPBRG
0x041B	0x1518      	BSF        TXSTA, 2
0x041C	0x23C8      	CALL       _UART1_Init
;rid.c,240 :: 		init();
0x041D	0x239A      	CALL       _init
;rid.c,241 :: 		while(1){
L_main50:
;rid.c,242 :: 		promptInput(try_pass);
0x041E	0x1283      	BCF        STATUS, 5
0x041F	0x1703      	BSF        STATUS, 6
0x0420	0x0813      	MOVF       _try_pass, 0
0x0421	0x00A5      	MOVWF      FARG_promptInput_t
0x0422	0x0814      	MOVF       _try_pass+1, 0
0x0423	0x00A6      	MOVWF      FARG_promptInput_t+1
0x0424	0x21BD      	CALL       _promptInput
;rid.c,243 :: 		while(index != 6){
L_main52:
0x0425	0x1283      	BCF        STATUS, 5
0x0426	0x3000      	MOVLW      0
0x0427	0x1703      	BSF        STATUS, 6
0x0428	0x0616      	XORWF      _index+1, 0
0x0429	0x1D03      	BTFSS      STATUS, 2
0x042A	0x2C2D      	GOTO       L__main75
0x042B	0x3006      	MOVLW      6
0x042C	0x0615      	XORWF      _index, 0
L__main75:
0x042D	0x1903      	BTFSC      STATUS, 2
0x042E	0x2C43      	GOTO       L_main53
;rid.c,244 :: 		if(UART1_Data_Ready() && k==1){ // If UART Data Ready
0x042F	0x2110      	CALL       _UART1_Data_Ready
0x0430	0x0870      	MOVF       R0, 0
0x0431	0x1903      	BTFSC      STATUS, 2
0x0432	0x2C3D      	GOTO       L_main56
0x0433	0x3000      	MOVLW      0
0x0434	0x1683      	BSF        STATUS, 5
0x0435	0x066F      	XORWF      _k+1, 0
0x0436	0x1D03      	BTFSS      STATUS, 2
0x0437	0x2C3A      	GOTO       L__main76
0x0438	0x3001      	MOVLW      1
0x0439	0x066E      	XORWF      _k, 0
L__main76:
0x043A	0x1D03      	BTFSS      STATUS, 2
0x043B	0x2C3D      	GOTO       L_main56
L__main61:
;rid.c,245 :: 		checkRfid();
0x043C	0x22C8      	CALL       _checkRFID
;rid.c,246 :: 		}
L_main56:
;rid.c,247 :: 		takeInput(given_password);
0x043D	0x30DA      	MOVLW      _given_password
0x043E	0x1283      	BCF        STATUS, 5
0x043F	0x1703      	BSF        STATUS, 6
0x0440	0x00A4      	MOVWF      FARG_takeInput_arr
0x0441	0x21DC      	CALL       _takeInput
;rid.c,248 :: 		}
0x0442	0x2C25      	GOTO       L_main52
L_main53:
;rid.c,249 :: 		if(correctPass()){
0x0443	0x2287      	CALL       _correctPass
0x0444	0x0870      	MOVF       R0, 0
0x0445	0x0471      	IORWF      R0+1, 0
0x0446	0x1903      	BTFSC      STATUS, 2
0x0447	0x2C57      	GOTO       L_main57
;rid.c,250 :: 		openDoor();
0x0448	0x22A8      	CALL       _openDoor
;rid.c,251 :: 		delay_ms(3000);
0x0449	0x302E      	MOVLW      46
0x044A	0x00FB      	MOVWF      R11
0x044B	0x30A9      	MOVLW      169
0x044C	0x00FC      	MOVWF      R12
0x044D	0x302F      	MOVLW      47
0x044E	0x00FD      	MOVWF      R13
L_main58:
0x044F	0x0BFD      	DECFSZ     R13, 1
0x0450	0x2C4F      	GOTO       L_main58
0x0451	0x0BFC      	DECFSZ     R12, 1
0x0452	0x2C4F      	GOTO       L_main58
0x0453	0x0BFB      	DECFSZ     R11, 1
0x0454	0x2C4F      	GOTO       L_main58
;rid.c,252 :: 		lockDoor();
0x0455	0x237A      	CALL       _lockDoor
;rid.c,253 :: 		}else{
0x0456	0x2C58      	GOTO       L_main59
L_main57:
;rid.c,254 :: 		checkTry();
0x0457	0x23D8      	CALL       _checkTry
;rid.c,255 :: 		}
L_main59:
;rid.c,256 :: 		}
0x0458	0x2C1E      	GOTO       L_main50
;rid.c,257 :: 		}
L_end_main:
0x0459	0x2C59      	GOTO       $+0
; end of _main
0x04EE	0x3020      	MOVLW      32
0x04EF	0x0084      	MOVWF      FSR
0x04F0	0x3046      	MOVLW      70
0x04F1	0x1283      	BCF        STATUS, 5
0x04F2	0x1303      	BCF        STATUS, 6
0x04F3	0x00F0      	MOVWF      R0
0x04F4	0x305F      	MOVLW      95
0x04F5	0x1703      	BSF        STATUS, 6
0x04F6	0x0090      	MOVWF      ___DoICPAddr
0x04F7	0x3004      	MOVLW      4
0x04F8	0x0091      	MOVWF      273
0x04F9	0x240A      	CALL       1034
0x04FA	0x30A0      	MOVLW      160
0x04FB	0x0084      	MOVWF      FSR
0x04FC	0x3034      	MOVLW      52
0x04FD	0x1303      	BCF        STATUS, 6
0x04FE	0x00F0      	MOVWF      R0
0x04FF	0x30A5      	MOVLW      165
0x0500	0x1703      	BSF        STATUS, 6
0x0501	0x0090      	MOVWF      ___DoICPAddr
0x0502	0x3004      	MOVLW      4
0x0503	0x0091      	MOVWF      273
0x0504	0x240A      	CALL       1034
0x0505	0x3066      	MOVLW      102
0x0506	0x0084      	MOVWF      FSR
0x0507	0x3009      	MOVLW      9
0x0508	0x1303      	BCF        STATUS, 6
0x0509	0x00F0      	MOVWF      R0
0x050A	0x30E5      	MOVLW      229
0x050B	0x1703      	BSF        STATUS, 6
0x050C	0x0090      	MOVWF      ___DoICPAddr
0x050D	0x3004      	MOVLW      4
0x050E	0x0091      	MOVWF      273
0x050F	0x240A      	CALL       1034
0x0510	0x30D4      	MOVLW      212
0x0511	0x0084      	MOVWF      FSR
0x0512	0x300C      	MOVLW      12
0x0513	0x1303      	BCF        STATUS, 6
0x0514	0x00F0      	MOVWF      R0
0x0515	0x30D9      	MOVLW      217
0x0516	0x1703      	BSF        STATUS, 6
0x0517	0x0090      	MOVWF      ___DoICPAddr
0x0518	0x3004      	MOVLW      4
0x0519	0x0091      	MOVWF      273
0x051A	0x240A      	CALL       1034
0x051B	0x0008      	RETURN
;rid.c,0 :: ?ICS_rfid_pass
0x045F	0x3434 ;?ICS_rfid_pass+0
0x0460	0x3431 ;?ICS_rfid_pass+1
0x0461	0x3430 ;?ICS_rfid_pass+2
0x0462	0x3430 ;?ICS_rfid_pass+3
0x0463	0x3433 ;?ICS_rfid_pass+4
0x0464	0x3435 ;?ICS_rfid_pass+5
0x0465	0x3445 ;?ICS_rfid_pass+6
0x0466	0x3437 ;?ICS_rfid_pass+7
0x0467	0x3431 ;?ICS_rfid_pass+8
0x0468	0x3400 ;?ICS_rfid_pass+9
; end of ?ICS_rfid_pass
;rid.c,0 :: ?ICS?lstr8_rid
0x0469	0x3452 ;?ICS?lstr8_rid+0
0x046A	0x3446 ;?ICS?lstr8_rid+1
0x046B	0x3449 ;?ICS?lstr8_rid+2
0x046C	0x3444 ;?ICS?lstr8_rid+3
0x046D	0x3420 ;?ICS?lstr8_rid+4
0x046E	0x3444 ;?ICS?lstr8_rid+5
0x046F	0x3465 ;?ICS?lstr8_rid+6
0x0470	0x3474 ;?ICS?lstr8_rid+7
0x0471	0x3465 ;?ICS?lstr8_rid+8
0x0472	0x3463 ;?ICS?lstr8_rid+9
0x0473	0x3474 ;?ICS?lstr8_rid+10
0x0474	0x3465 ;?ICS?lstr8_rid+11
0x0475	0x3464 ;?ICS?lstr8_rid+12
0x0476	0x3400 ;?ICS?lstr8_rid+13
; end of ?ICS?lstr8_rid
;rid.c,0 :: ?ICS?lstr6_rid
0x0477	0x3444 ;?ICS?lstr6_rid+0
0x0478	0x346F ;?ICS?lstr6_rid+1
0x0479	0x346F ;?ICS?lstr6_rid+2
0x047A	0x3472 ;?ICS?lstr6_rid+3
0x047B	0x3420 ;?ICS?lstr6_rid+4
0x047C	0x3443 ;?ICS?lstr6_rid+5
0x047D	0x346C ;?ICS?lstr6_rid+6
0x047E	0x346F ;?ICS?lstr6_rid+7
0x047F	0x3473 ;?ICS?lstr6_rid+8
0x0480	0x3465 ;?ICS?lstr6_rid+9
0x0481	0x3464 ;?ICS?lstr6_rid+10
0x0482	0x3400 ;?ICS?lstr6_rid+11
; end of ?ICS?lstr6_rid
;rid.c,0 :: ?ICS?lstr7_rid
0x0483	0x3457 ;?ICS?lstr7_rid+0
0x0484	0x3472 ;?ICS?lstr7_rid+1
0x0485	0x346F ;?ICS?lstr7_rid+2
0x0486	0x346E ;?ICS?lstr7_rid+3
0x0487	0x3467 ;?ICS?lstr7_rid+4
0x0488	0x3420 ;?ICS?lstr7_rid+5
0x0489	0x3450 ;?ICS?lstr7_rid+6
0x048A	0x3461 ;?ICS?lstr7_rid+7
0x048B	0x3473 ;?ICS?lstr7_rid+8
0x048C	0x3473 ;?ICS?lstr7_rid+9
0x048D	0x3400 ;?ICS?lstr7_rid+10
; end of ?ICS?lstr7_rid
;rid.c,0 :: ?ICS?lstr4_rid
0x048E	0x3445 ;?ICS?lstr4_rid+0
0x048F	0x346E ;?ICS?lstr4_rid+1
0x0490	0x3474 ;?ICS?lstr4_rid+2
0x0491	0x3465 ;?ICS?lstr4_rid+3
0x0492	0x3472 ;?ICS?lstr4_rid+4
0x0493	0x3420 ;?ICS?lstr4_rid+5
0x0494	0x3463 ;?ICS?lstr4_rid+6
0x0495	0x346F ;?ICS?lstr4_rid+7
0x0496	0x3464 ;?ICS?lstr4_rid+8
0x0497	0x3465 ;?ICS?lstr4_rid+9
0x0498	0x343A ;?ICS?lstr4_rid+10
0x0499	0x3400 ;?ICS?lstr4_rid+11
; end of ?ICS?lstr4_rid
;rid.c,0 :: ?ICS?lstr3_rid
0x049A	0x3445 ;?ICS?lstr3_rid+0
0x049B	0x346E ;?ICS?lstr3_rid+1
0x049C	0x3474 ;?ICS?lstr3_rid+2
0x049D	0x3465 ;?ICS?lstr3_rid+3
0x049E	0x3472 ;?ICS?lstr3_rid+4
0x049F	0x3420 ;?ICS?lstr3_rid+5
0x04A0	0x3443 ;?ICS?lstr3_rid+6
0x04A1	0x346F ;?ICS?lstr3_rid+7
0x04A2	0x3464 ;?ICS?lstr3_rid+8
0x04A3	0x3465 ;?ICS?lstr3_rid+9
0x04A4	0x3400 ;?ICS?lstr3_rid+10
; end of ?ICS?lstr3_rid
;rid.c,0 :: ?ICS?lstr2_rid
0x04A5	0x3442 ;?ICS?lstr2_rid+0
0x04A6	0x3469 ;?ICS?lstr2_rid+1
0x04A7	0x346C ;?ICS?lstr2_rid+2
0x04A8	0x3461 ;?ICS?lstr2_rid+3
0x04A9	0x346C ;?ICS?lstr2_rid+4
0x04AA	0x3420 ;?ICS?lstr2_rid+5
0x04AB	0x3441 ;?ICS?lstr2_rid+6
0x04AC	0x3468 ;?ICS?lstr2_rid+7
0x04AD	0x346D ;?ICS?lstr2_rid+8
0x04AE	0x3465 ;?ICS?lstr2_rid+9
0x04AF	0x3464 ;?ICS?lstr2_rid+10
0x04B0	0x3400 ;?ICS?lstr2_rid+11
; end of ?ICS?lstr2_rid
;rid.c,0 :: ?ICS?lstr1_rid
0x04B1	0x3450 ;?ICS?lstr1_rid+0
0x04B2	0x3461 ;?ICS?lstr1_rid+1
0x04B3	0x3473 ;?ICS?lstr1_rid+2
0x04B4	0x3473 ;?ICS?lstr1_rid+3
0x04B5	0x3477 ;?ICS?lstr1_rid+4
0x04B6	0x346F ;?ICS?lstr1_rid+5
0x04B7	0x3472 ;?ICS?lstr1_rid+6
0x04B8	0x3464 ;?ICS?lstr1_rid+7
0x04B9	0x3420 ;?ICS?lstr1_rid+8
0x04BA	0x344C ;?ICS?lstr1_rid+9
0x04BB	0x346F ;?ICS?lstr1_rid+10
0x04BC	0x3463 ;?ICS?lstr1_rid+11
0x04BD	0x346B ;?ICS?lstr1_rid+12
0x04BE	0x3420 ;?ICS?lstr1_rid+13
0x04BF	0x3442 ;?ICS?lstr1_rid+14
0x04C0	0x3479 ;?ICS?lstr1_rid+15
0x04C1	0x3400 ;?ICS?lstr1_rid+16
; end of ?ICS?lstr1_rid
;rid.c,0 :: ?ICS?lstr5_rid
0x04C2	0x3444 ;?ICS?lstr5_rid+0
0x04C3	0x346F ;?ICS?lstr5_rid+1
0x04C4	0x346F ;?ICS?lstr5_rid+2
0x04C5	0x3472 ;?ICS?lstr5_rid+3
0x04C6	0x3420 ;?ICS?lstr5_rid+4
0x04C7	0x344F ;?ICS?lstr5_rid+5
0x04C8	0x3470 ;?ICS?lstr5_rid+6
0x04C9	0x3465 ;?ICS?lstr5_rid+7
0x04CA	0x346E ;?ICS?lstr5_rid+8
0x04CB	0x3465 ;?ICS?lstr5_rid+9
0x04CC	0x3464 ;?ICS?lstr5_rid+10
0x04CD	0x3400 ;?ICS?lstr5_rid+11
; end of ?ICS?lstr5_rid
;rid.c,0 :: ?ICS?lstr10_rid
0x04CE	0x3452 ;?ICS?lstr10_rid+0
0x04CF	0x3465 ;?ICS?lstr10_rid+1
0x04D0	0x3467 ;?ICS?lstr10_rid+2
0x04D1	0x3469 ;?ICS?lstr10_rid+3
0x04D2	0x3473 ;?ICS?lstr10_rid+4
0x04D3	0x3474 ;?ICS?lstr10_rid+5
0x04D4	0x3465 ;?ICS?lstr10_rid+6
0x04D5	0x3472 ;?ICS?lstr10_rid+7
0x04D6	0x3465 ;?ICS?lstr10_rid+8
0x04D7	0x3464 ;?ICS?lstr10_rid+9
0x04D8	0x3400 ;?ICS?lstr10_rid+10
; end of ?ICS?lstr10_rid
;rid.c,0 :: ?ICS_actual_password
0x04D9	0x3431 ;?ICS_actual_password+0
0x04DA	0x3432 ;?ICS_actual_password+1
0x04DB	0x3433 ;?ICS_actual_password+2
0x04DC	0x3434 ;?ICS_actual_password+3
0x04DD	0x3435 ;?ICS_actual_password+4
0x04DE	0x3436 ;?ICS_actual_password+5
; end of ?ICS_actual_password
;rid.c,0 :: ?ICS_given_password
0x04DF	0x3430 ;?ICS_given_password+0
0x04E0	0x3430 ;?ICS_given_password+1
0x04E1	0x3430 ;?ICS_given_password+2
0x04E2	0x3430 ;?ICS_given_password+3
0x04E3	0x3430 ;?ICS_given_password+4
0x04E4	0x3430 ;?ICS_given_password+5
; end of ?ICS_given_password
;rid.c,0 :: ?ICS?lstr9_rid
0x04E5	0x3452 ;?ICS?lstr9_rid+0
0x04E6	0x3446 ;?ICS?lstr9_rid+1
0x04E7	0x3449 ;?ICS?lstr9_rid+2
0x04E8	0x3444 ;?ICS?lstr9_rid+3
0x04E9	0x3420 ;?ICS?lstr9_rid+4
0x04EA	0x344E ;?ICS?lstr9_rid+5
0x04EB	0x346F ;?ICS?lstr9_rid+6
0x04EC	0x3474 ;?ICS?lstr9_rid+7
0x04ED	0x3400 ;?ICS?lstr9_rid+8
; end of ?ICS?lstr9_rid
Symbol List:
//** Routines locations **
//ADDRESS    SIZE    PROCEDURE
//----------------------------------------------
0x0003       [4]    _Delay_1us
0x0007      [12]    _Delay_5500us
0x0013       [9]    _Delay_50us
0x001C      [94]    _Lcd_Cmd
0x007A       [9]    _Lcd_Chr_CP
0x0083      [65]    _Lcd_Out
0x00C4       [9]    _Delay_10us
0x00CD      [56]    _Keypad_Key_Press
0x0105      [11]    _UART1_Read
0x0110       [7]    _UART1_Data_Ready
0x0117       [7]    _____DoICP
0x011E      [79]    _Lcd_Init
0x016D      [15]    _Keypad_Key_Click
0x017C      [53]    _backSpace
0x01B1      [12]    _UART1_Write
0x01BD      [31]    _promptInput
0x01DC     [171]    _takeInput
0x0287      [33]    _correctPass
0x02A8      [32]    _openDoor
0x02C8     [178]    _checkRFID
0x037A      [32]    _lockDoor
0x039A      [46]    _init
0x03C8      [16]    _UART1_Init
0x03D8      [50]    _checkTry
0x040A      [12]    ___CC2DW
0x0416      [67]    _main
//** Variables locations ** 
//ADDRESS    SIZE    VARIABLE
//----------------------------------------------
0x0000       [1]    INDF
0x0002       [1]    PCL
0x0003       [1]    STATUS
0x0004       [1]    FSR
0x0006       [1]    PORTB
0x0007       [0]    RC2_bit
0x0007       [0]    RC3_bit
0x0007       [0]    RC0_bit
0x0007       [0]    RC1_bit
0x0007       [0]    RC4_bit
0x0007       [0]    RC5_bit
0x0007       [0]    LCD_D6
0x0007       [0]    LCD_D5
0x0007       [0]    LCD_D7
0x0007       [0]    LCD_RS
0x0007       [0]    LCD_D4
0x0007       [0]    LCD_EN
0x0008       [1]    PORTD
0x0008       [1]    keypadPort
0x000A       [1]    PCLATH
0x000C       [1]    PIR1
0x0018       [1]    RCSTA
0x0019       [1]    TXREG
0x001A       [1]    RCREG
0x0020      [10]    _rfid_pass
0x002A      [14]    ?lstr8_rid
0x0038      [12]    ?lstr6_rid
0x0044      [11]    ?lstr7_rid
0x004F      [12]    ?lstr4_rid
0x005B      [11]    ?lstr3_rid
0x0066       [9]    ?lstr9_rid
0x006F       [1]    _keyPressed
0x0070       [1]    R0
0x0071       [1]    R1
0x0072       [1]    R2
0x0073       [1]    R3
0x0074       [1]    R4
0x0075       [1]    R5
0x0076       [1]    R6
0x0077       [1]    R7
0x0078       [1]    R8
0x0079       [1]    R9
0x007A       [1]    R10
0x007B       [1]    R11
0x007C       [1]    R12
0x007D       [1]    R13
0x007E       [1]    R14
0x007F       [1]    R15
0x0086       [1]    TRISB
0x0087       [0]    TRISC5_bit
0x0087       [0]    TRISC6_bit
0x0087       [0]    TRISC7_bit
0x0087       [0]    TRISC4_bit
0x0087       [0]    TRISC0_bit
0x0087       [0]    TRISC2_bit
0x0087       [0]    TRISC3_bit
0x0087       [0]    TRISC1_bit
0x0087       [0]    LCD_D5_Direction
0x0087       [0]    LCD_D6_Direction
0x0087       [0]    LCD_D7_Direction
0x0087       [0]    LCD_D4_Direction
0x0087       [0]    LCD_RS_Direction
0x0087       [0]    LCD_EN_Direction
0x0098       [1]    TXSTA
0x0099       [1]    SPBRG
0x00A0      [12]    ?lstr2_rid
0x00AC      [17]    ?lstr1_rid
0x00BD      [12]    ?lstr5_rid
0x00C9      [11]    ?lstr10_rid
0x00D4       [6]    _actual_password
0x00DA       [6]    _given_password
0x00E0      [13]    _rfid
0x00ED       [1]    _i
0x00EE       [2]    _k
0x0110       [2]    ___DoICPAddr
0x0112       [0]    __Lib_Lcd_cmd_status
0x0113       [2]    _try_pass
0x0115       [2]    _index
0x0117      [13]    main_rfid_L0
0x0124       [1]    FARG_takeInput_arr
0x0124       [1]    FLOC__checkRFID
0x0125       [2]    FARG_promptInput_t
0x0125       [1]    Keypad_Key_Click_rslt_L0
0x0125       [1]    FARG_UART1_Write_data_
0x0127       [1]    FARG_Lcd_Out_row
0x0127       [1]    Keypad_Key_Press_rslt_L0
0x0128       [1]    Keypad_Key_Press_kdata_L0
0x0128       [1]    FARG_Lcd_Out_column
0x0129       [1]    Keypad_Key_Press_loc_L0
0x0129       [1]    FARG_Lcd_Out_text
0x012A       [1]    Keypad_Key_Press_rowcnt_L0
0x012A       [1]    Lcd_Out_i_L0
0x012B       [1]    Keypad_Key_Press_shifter_L0
0x012C       [1]    FARG_Lcd_Chr_CP_out_char
0x012D       [1]    FARG_Lcd_Cmd_out_char
//** Constants locations ** 
//ADDRESS    SIZE    CONSTANT
//----------------------------------------------
0x045F      [10]    ?ICS_rfid_pass
0x0469      [14]    ?ICS?lstr8_rid
0x0477      [12]    ?ICS?lstr6_rid
0x0483      [11]    ?ICS?lstr7_rid
0x048E      [12]    ?ICS?lstr4_rid
0x049A      [11]    ?ICS?lstr3_rid
0x04A5      [12]    ?ICS?lstr2_rid
0x04B1      [17]    ?ICS?lstr1_rid
0x04C2      [12]    ?ICS?lstr5_rid
0x04CE      [11]    ?ICS?lstr10_rid
0x04D9       [6]    ?ICS_actual_password
0x04DF       [6]    ?ICS_given_password
0x04E5       [9]    ?ICS?lstr9_rid
